2022-11-03 08:33:48 INFO  ConfigurationReader:37 - Configuration file is successfully loaded.
2022-11-03 08:33:48 INFO  ConfigurationReader:37 - Configuration file is successfully loaded.
2022-11-03 08:33:48 INFO  ConfigurationReader:48 - Jokes endpoint url is loading...
2022-11-03 08:33:48 INFO  ConfigurationReader:36 - Random base url is loading...
2022-11-03 08:33:51 INFO  APIResponseAssertions:14 - Expected!, status code is successfully validated.
2022-11-03 11:28:22 INFO  ConfigurationReader:37 - Configuration file is successfully loaded.
2022-11-03 11:28:22 INFO  ConfigurationReader:37 - Configuration file is successfully loaded.
2022-11-03 11:28:22 INFO  ConfigurationReader:48 - Jokes endpoint url is loading...
2022-11-03 11:28:22 INFO  ConfigurationReader:36 - Random base url is loading...
2022-11-03 11:28:24 INFO  APIResponseAssertions:14 - Expected!, status code is successfully validated.
2022-11-03 11:28:52 INFO  ConfigurationReader:37 - Configuration file is successfully loaded.
2022-11-03 11:28:52 INFO  ConfigurationReader:37 - Configuration file is successfully loaded.
2022-11-03 11:28:52 INFO  ConfigurationReader:48 - Jokes endpoint url is loading...
2022-11-03 11:28:52 INFO  ConfigurationReader:36 - Random base url is loading...
2022-11-03 11:28:54 INFO  APIResponseAssertions:14 - Expected!, status code is successfully validated.
2022-11-03 11:30:26 INFO  ConfigurationReader:37 - Configuration file is successfully loaded.
2022-11-03 11:30:26 INFO  ConfigurationReader:37 - Configuration file is successfully loaded.
2022-11-03 11:30:26 INFO  ConfigurationReader:37 - Configuration file is successfully loaded.
2022-11-03 11:30:26 INFO  ConfigurationReader:48 - Jokes endpoint url is loading...
2022-11-03 11:30:26 INFO  ConfigurationReader:36 - Random base url is loading...
2022-11-03 11:30:28 INFO  APIResponseAssertions:14 - Expected!, status code is successfully validated.
2022-11-03 11:30:32 INFO  ConfigurationReader:42 - Random Jokes base url is loading...
2022-11-03 11:56:25 INFO  ConfigurationReader:37 - Configuration file is successfully loaded.
2022-11-03 11:56:25 INFO  ConfigurationReader:37 - Configuration file is successfully loaded.
2022-11-03 11:56:25 INFO  ConfigurationReader:37 - Configuration file is successfully loaded.
2022-11-03 11:56:25 INFO  ConfigurationReader:48 - Jokes endpoint url is loading...
2022-11-03 11:56:25 INFO  ConfigurationReader:36 - Random base url is loading...
2022-11-03 11:56:27 INFO  APIResponseAssertions:14 - Expected!, status code is successfully validated.
2022-11-03 11:59:42 INFO  ConfigurationReader:37 - Configuration file is successfully loaded.
2022-11-03 11:59:42 INFO  ConfigurationReader:37 - Configuration file is successfully loaded.
2022-11-03 11:59:42 INFO  ConfigurationReader:37 - Configuration file is successfully loaded.
2022-11-03 11:59:42 INFO  ConfigurationReader:48 - Jokes endpoint url is loading...
2022-11-03 11:59:42 INFO  ConfigurationReader:36 - Random base url is loading...
2022-11-03 11:59:44 INFO  APIResponseAssertions:14 - Expected!, status code is successfully validated.
2022-11-03 12:09:48 INFO  ConfigurationReader:37 - Configuration file is successfully loaded.
2022-11-03 12:09:48 INFO  ConfigurationReader:37 - Configuration file is successfully loaded.
2022-11-03 12:09:48 INFO  ConfigurationReader:37 - Configuration file is successfully loaded.
2022-11-03 12:09:48 INFO  ConfigurationReader:48 - Jokes endpoint url is loading...
2022-11-03 12:09:48 INFO  ConfigurationReader:36 - Random base url is loading...
2022-11-03 12:09:50 INFO  APIResponseAssertions:14 - Expected!, status code is successfully validated.
2022-11-03 12:09:50 INFO  ConfigurationReader:42 - Random Jokes base url is loading...
2022-11-03 12:10:03 INFO  ConfigurationReader:37 - Configuration file is successfully loaded.
2022-11-03 12:10:03 INFO  ConfigurationReader:37 - Configuration file is successfully loaded.
2022-11-03 12:10:03 INFO  ConfigurationReader:37 - Configuration file is successfully loaded.
2022-11-03 12:10:03 INFO  ConfigurationReader:48 - Jokes endpoint url is loading...
2022-11-03 12:10:03 INFO  ConfigurationReader:36 - Random base url is loading...
2022-11-03 12:10:05 INFO  APIResponseAssertions:14 - Expected!, status code is successfully validated.
2022-11-03 12:10:05 INFO  ConfigurationReader:42 - Random Jokes base url is loading...
2022-11-03 13:01:18 INFO  ConfigurationReader:37 - Configuration file is successfully loaded.
2022-11-03 13:01:18 INFO  ConfigurationReader:37 - Configuration file is successfully loaded.
2022-11-03 13:01:18 INFO  ConfigurationReader:37 - Configuration file is successfully loaded.
2022-11-03 13:01:18 INFO  ConfigurationReader:48 - Jokes endpoint url is loading...
2022-11-03 13:01:18 INFO  ConfigurationReader:36 - Random base url is loading...
2022-11-03 13:01:20 INFO  APIResponseAssertions:14 - Expected!, status code is successfully validated.
2022-11-03 13:01:20 INFO  ConfigurationReader:42 - Random Jokes base url is loading...
2022-11-03 13:33:52 INFO  ConfigurationReader:37 - Configuration file is successfully loaded.
2022-11-03 13:33:52 INFO  ConfigurationReader:37 - Configuration file is successfully loaded.
2022-11-03 13:33:52 INFO  ConfigurationReader:37 - Configuration file is successfully loaded.
2022-11-03 13:33:52 INFO  ConfigurationReader:48 - Jokes endpoint url is loading...
2022-11-03 13:33:52 INFO  ConfigurationReader:36 - Random base url is loading...
2022-11-03 13:33:54 INFO  APIResponseAssertions:14 - Expected!, status code is successfully validated.
2022-11-03 13:33:54 INFO  ConfigurationReader:42 - Random Jokes base url is loading...
2022-11-03 13:34:44 INFO  ConfigurationReader:37 - Configuration file is successfully loaded.
2022-11-03 13:34:44 INFO  ConfigurationReader:37 - Configuration file is successfully loaded.
2022-11-03 13:34:44 INFO  ConfigurationReader:37 - Configuration file is successfully loaded.
2022-11-03 13:34:44 INFO  ConfigurationReader:48 - Jokes endpoint url is loading...
2022-11-03 13:34:44 INFO  ConfigurationReader:36 - Random base url is loading...
2022-11-03 13:34:46 INFO  APIResponseAssertions:14 - Expected!, status code is successfully validated.
2022-11-03 13:34:46 INFO  ConfigurationReader:42 - Random Jokes base url is loading...
2022-11-03 13:34:50 INFO  MagnetoHomePageAssertions:13 - Expected!, Show new yoga button is displayed
2022-11-03 13:35:03 INFO  ConfigurationReader:37 - Configuration file is successfully loaded.
2022-11-03 13:35:03 INFO  ConfigurationReader:37 - Configuration file is successfully loaded.
2022-11-03 13:35:03 INFO  ConfigurationReader:37 - Configuration file is successfully loaded.
2022-11-03 13:35:03 INFO  ConfigurationReader:48 - Jokes endpoint url is loading...
2022-11-03 13:35:03 INFO  ConfigurationReader:36 - Random base url is loading...
2022-11-03 13:35:05 INFO  APIResponseAssertions:14 - Expected!, status code is successfully validated.
2022-11-03 13:35:05 INFO  ConfigurationReader:42 - Random Jokes base url is loading...
2022-11-03 13:35:10 INFO  MagnetoHomePageAssertions:13 - Expected!, Show new yoga button is displayed
2022-11-03 14:03:23 INFO  ConfigurationReader:37 - Configuration file is successfully loaded.
2022-11-03 14:03:23 INFO  ConfigurationReader:37 - Configuration file is successfully loaded.
2022-11-03 14:03:23 INFO  ConfigurationReader:37 - Configuration file is successfully loaded.
2022-11-03 14:03:23 INFO  ConfigurationReader:48 - Jokes endpoint url is loading...
2022-11-03 14:03:23 INFO  ConfigurationReader:36 - Random base url is loading...
2022-11-03 14:03:25 INFO  APIResponseAssertions:14 - Expected!, status code is successfully validated.
2022-11-03 14:03:25 INFO  ConfigurationReader:42 - Random Jokes base url is loading...
2022-11-03 14:03:29 INFO  MagnetoHomePageAssertions:13 - Expected!, Show new yoga button is displayed
2022-11-03 14:08:45 INFO  ConfigurationReader:37 - Configuration file is successfully loaded.
2022-11-03 14:08:45 INFO  ConfigurationReader:37 - Configuration file is successfully loaded.
2022-11-03 14:08:45 INFO  ConfigurationReader:37 - Configuration file is successfully loaded.
2022-11-03 14:08:45 INFO  ConfigurationReader:48 - Jokes endpoint url is loading...
2022-11-03 14:08:45 INFO  ConfigurationReader:36 - Random base url is loading...
2022-11-03 14:08:47 INFO  APIResponseAssertions:14 - Expected!, status code is successfully validated.
2022-11-03 14:08:47 INFO  ConfigurationReader:42 - Random Jokes base url is loading...
2022-11-03 14:08:50 INFO  MagnetoHomePageAssertions:13 - Expected!, Show new yoga button is displayed
2022-11-03 14:08:51 INFO  MagnetoHomePageAssertions:18 - Expected!, Create an account title is displayed
2022-11-03 15:42:07 INFO  ConfigurationReader:37 - Configuration file is successfully loaded.
2022-11-03 15:42:07 INFO  ConfigurationReader:37 - Configuration file is successfully loaded.
2022-11-03 15:42:07 INFO  ConfigurationReader:37 - Configuration file is successfully loaded.
2022-11-03 15:42:07 INFO  ConfigurationReader:48 - Jokes endpoint url is loading...
2022-11-03 15:42:07 INFO  ConfigurationReader:36 - Random base url is loading...
2022-11-03 15:42:09 INFO  APIResponseAssertions:14 - Expected!, status code is successfully validated.
2022-11-03 15:42:09 INFO  ConfigurationReader:42 - Random Jokes base url is loading...
2022-11-03 15:42:12 INFO  MagnetoHomePageAssertions:13 - Expected!, Show new yoga button is displayed
2022-11-03 15:42:14 INFO  MagnetoHomePageAssertions:18 - Expected!, Create an account title is displayed
2022-11-03 15:45:59 INFO  ConfigurationReader:37 - Configuration file is successfully loaded.
2022-11-03 15:45:59 INFO  ConfigurationReader:37 - Configuration file is successfully loaded.
2022-11-03 15:45:59 INFO  ConfigurationReader:37 - Configuration file is successfully loaded.
2022-11-03 15:45:59 INFO  ConfigurationReader:48 - Jokes endpoint url is loading...
2022-11-03 15:45:59 INFO  ConfigurationReader:36 - Random base url is loading...
2022-11-03 15:46:00 INFO  APIResponseAssertions:14 - Expected!, status code is successfully validated.
2022-11-03 15:46:01 INFO  ConfigurationReader:42 - Random Jokes base url is loading...
2022-11-03 15:46:04 INFO  MagnetoHomePageAssertions:13 - Expected!, Show new yoga button is displayed
2022-11-03 15:46:06 INFO  MagnetoHomePageAssertions:18 - Expected!, Create an account title is displayed
2022-11-03 16:06:41 INFO  ConfigurationReader:37 - Configuration file is successfully loaded.
2022-11-03 16:06:41 INFO  ConfigurationReader:37 - Configuration file is successfully loaded.
2022-11-03 16:06:41 INFO  ConfigurationReader:37 - Configuration file is successfully loaded.
2022-11-03 16:06:41 INFO  ConfigurationReader:48 - Jokes endpoint url is loading...
2022-11-03 16:06:41 INFO  ConfigurationReader:36 - Random base url is loading...
2022-11-03 16:06:43 INFO  APIResponseAssertions:14 - Expected!, status code is successfully validated.
2022-11-03 16:06:43 INFO  ConfigurationReader:42 - Random Jokes base url is loading...
2022-11-03 16:06:48 INFO  MagnetoHomePageAssertions:13 - Expected!, Show new yoga button is displayed
2022-11-03 16:06:49 INFO  MagnetoHomePageAssertions:18 - Expected!, Create an account title is displayed
2022-11-03 16:07:59 INFO  MagnetoHomePage:50 - Expected!, Create an account title is displayed
2022-11-03 16:59:45 INFO  ConfigurationReader:37 - Configuration file is successfully loaded.
2022-11-03 16:59:45 INFO  ConfigurationReader:37 - Configuration file is successfully loaded.
2022-11-03 16:59:45 INFO  ConfigurationReader:37 - Configuration file is successfully loaded.
2022-11-03 16:59:45 INFO  ConfigurationReader:48 - Jokes endpoint url is loading...
2022-11-03 16:59:45 INFO  ConfigurationReader:36 - Random base url is loading...
2022-11-03 16:59:47 INFO  APIResponseAssertions:14 - Expected!, status code is successfully validated.
2022-11-03 16:59:47 INFO  ConfigurationReader:42 - Random Jokes base url is loading...
2022-11-03 16:59:52 INFO  MagnetoHomePageAssertions:13 - Expected!, Show new yoga button is displayed
2022-11-03 16:59:53 INFO  MagnetoHomePageAssertions:18 - Expected!, Create an account title is displayed
2022-11-03 16:59:54 INFO  MagnetoHomePage:53 - Expected!, account is created successfully.
2022-11-03 17:00:28 INFO  ConfigurationReader:37 - Configuration file is successfully loaded.
2022-11-03 17:00:28 INFO  ConfigurationReader:37 - Configuration file is successfully loaded.
2022-11-03 17:00:28 INFO  ConfigurationReader:37 - Configuration file is successfully loaded.
2022-11-03 17:00:28 INFO  ConfigurationReader:48 - Jokes endpoint url is loading...
2022-11-03 17:00:28 INFO  ConfigurationReader:36 - Random base url is loading...
2022-11-03 17:00:31 INFO  APIResponseAssertions:14 - Expected!, status code is successfully validated.
2022-11-03 17:00:31 INFO  ConfigurationReader:42 - Random Jokes base url is loading...
2022-11-03 17:00:35 INFO  MagnetoHomePageAssertions:13 - Expected!, Show new yoga button is displayed
2022-11-03 17:00:37 INFO  MagnetoHomePageAssertions:18 - Expected!, Create an account title is displayed
2022-11-03 17:01:47 INFO  ConfigurationReader:37 - Configuration file is successfully loaded.
2022-11-03 17:01:47 INFO  ConfigurationReader:37 - Configuration file is successfully loaded.
2022-11-03 17:01:47 INFO  ConfigurationReader:37 - Configuration file is successfully loaded.
2022-11-03 17:01:47 INFO  ConfigurationReader:48 - Jokes endpoint url is loading...
2022-11-03 17:01:47 INFO  ConfigurationReader:36 - Random base url is loading...
2022-11-03 17:01:49 INFO  APIResponseAssertions:14 - Expected!, status code is successfully validated.
2022-11-03 17:01:49 INFO  ConfigurationReader:42 - Random Jokes base url is loading...
2022-11-03 17:01:54 INFO  MagnetoHomePageAssertions:13 - Expected!, Show new yoga button is displayed
2022-11-03 17:01:55 INFO  MagnetoHomePageAssertions:18 - Expected!, Create an account title is displayed
2022-11-03 17:01:56 INFO  MagnetoHomePage:53 - Expected!, account is created successfully.
2022-11-03 17:04:38 INFO  ConfigurationReader:37 - Configuration file is successfully loaded.
2022-11-03 17:04:38 INFO  ConfigurationReader:37 - Configuration file is successfully loaded.
2022-11-03 17:04:38 INFO  ConfigurationReader:37 - Configuration file is successfully loaded.
2022-11-03 17:04:38 INFO  ConfigurationReader:48 - Jokes endpoint url is loading...
2022-11-03 17:04:38 INFO  ConfigurationReader:36 - Random base url is loading...
2022-11-03 17:04:41 INFO  APIResponseAssertions:14 - Expected!, status code is successfully validated.
2022-11-03 17:04:41 INFO  ConfigurationReader:42 - Random Jokes base url is loading...
2022-11-03 17:04:45 INFO  MagnetoHomePageAssertions:13 - Expected!, Show new yoga button is displayed
2022-11-03 17:04:47 INFO  MagnetoHomePageAssertions:18 - Expected!, Create an account title is displayed
2022-11-03 17:16:51 INFO  ConfigurationReader:37 - Configuration file is successfully loaded.
2022-11-03 17:16:51 INFO  ConfigurationReader:37 - Configuration file is successfully loaded.
2022-11-03 17:16:51 INFO  ConfigurationReader:37 - Configuration file is successfully loaded.
2022-11-03 17:16:51 INFO  ConfigurationReader:48 - Jokes endpoint url is loading...
2022-11-03 17:16:51 INFO  ConfigurationReader:36 - Random base url is loading...
2022-11-03 17:16:53 INFO  APIResponseAssertions:14 - Expected!, status code is successfully validated.
2022-11-03 17:16:53 INFO  ConfigurationReader:42 - Random Jokes base url is loading...
2022-11-03 17:16:58 INFO  MagnetoHomePageAssertions:13 - Expected!, Show new yoga button is displayed
2022-11-03 17:16:59 INFO  MagnetoHomePageAssertions:18 - Expected!, Create an account title is displayed
2022-11-03 17:17:50 INFO  ConfigurationReader:37 - Configuration file is successfully loaded.
2022-11-03 17:17:50 INFO  ConfigurationReader:37 - Configuration file is successfully loaded.
2022-11-03 17:17:50 INFO  ConfigurationReader:37 - Configuration file is successfully loaded.
2022-11-03 17:17:50 INFO  ConfigurationReader:48 - Jokes endpoint url is loading...
2022-11-03 17:17:50 INFO  ConfigurationReader:36 - Random base url is loading...
2022-11-03 17:17:52 INFO  APIResponseAssertions:14 - Expected!, status code is successfully validated.
2022-11-03 17:17:52 INFO  ConfigurationReader:42 - Random Jokes base url is loading...
2022-11-03 17:17:57 INFO  MagnetoHomePageAssertions:13 - Expected!, Show new yoga button is displayed
2022-11-03 17:17:58 INFO  MagnetoHomePageAssertions:18 - Expected!, Create an account title is displayed
2022-11-03 17:17:59 INFO  MagnetoHomePage:62 - Expected!, account is created successfully.
2022-11-03 17:19:18 INFO  ConfigurationReader:37 - Configuration file is successfully loaded.
2022-11-03 17:19:18 INFO  ConfigurationReader:37 - Configuration file is successfully loaded.
2022-11-03 17:19:18 INFO  ConfigurationReader:37 - Configuration file is successfully loaded.
2022-11-03 17:19:18 INFO  ConfigurationReader:48 - Jokes endpoint url is loading...
2022-11-03 17:19:18 INFO  ConfigurationReader:36 - Random base url is loading...
2022-11-03 17:19:20 INFO  APIResponseAssertions:14 - Expected!, status code is successfully validated.
2022-11-03 17:19:20 INFO  ConfigurationReader:42 - Random Jokes base url is loading...
2022-11-03 17:19:25 INFO  MagnetoHomePageAssertions:13 - Expected!, Show new yoga button is displayed
2022-11-03 17:19:26 INFO  MagnetoHomePageAssertions:18 - Expected!, Create an account title is displayed
2022-11-03 17:19:52 INFO  ConfigurationReader:37 - Configuration file is successfully loaded.
2022-11-03 17:19:52 INFO  ConfigurationReader:37 - Configuration file is successfully loaded.
2022-11-03 17:19:52 INFO  ConfigurationReader:37 - Configuration file is successfully loaded.
2022-11-03 17:19:52 INFO  ConfigurationReader:48 - Jokes endpoint url is loading...
2022-11-03 17:19:52 INFO  ConfigurationReader:36 - Random base url is loading...
2022-11-03 17:19:54 INFO  APIResponseAssertions:14 - Expected!, status code is successfully validated.
2022-11-03 17:19:54 INFO  ConfigurationReader:42 - Random Jokes base url is loading...
2022-11-03 17:20:05 INFO  MagnetoHomePageAssertions:13 - Expected!, Show new yoga button is displayed
2022-11-03 17:20:06 INFO  MagnetoHomePageAssertions:18 - Expected!, Create an account title is displayed
2022-11-03 17:20:07 INFO  MagnetoHomePage:62 - Expected!, account is created successfully.
2022-11-03 17:21:43 INFO  ConfigurationReader:37 - Configuration file is successfully loaded.
2022-11-03 17:21:43 INFO  ConfigurationReader:37 - Configuration file is successfully loaded.
2022-11-03 17:21:43 INFO  ConfigurationReader:37 - Configuration file is successfully loaded.
2022-11-03 17:21:43 INFO  ConfigurationReader:48 - Jokes endpoint url is loading...
2022-11-03 17:21:43 INFO  ConfigurationReader:36 - Random base url is loading...
2022-11-03 17:21:45 INFO  APIResponseAssertions:14 - Expected!, status code is successfully validated.
2022-11-03 17:21:45 INFO  ConfigurationReader:42 - Random Jokes base url is loading...
2022-11-03 17:21:50 INFO  MagnetoHomePageAssertions:13 - Expected!, Show new yoga button is displayed
2022-11-03 17:21:51 INFO  MagnetoHomePageAssertions:18 - Expected!, Create an account title is displayed
2022-11-03 17:21:56 INFO  MagnetoHomePage:62 - Expected!, account is created successfully.
2022-11-03 17:36:16 INFO  ConfigurationReader:37 - Configuration file is successfully loaded.
2022-11-03 17:36:16 INFO  ConfigurationReader:37 - Configuration file is successfully loaded.
2022-11-03 17:36:16 INFO  ConfigurationReader:37 - Configuration file is successfully loaded.
2022-11-03 17:36:16 INFO  ConfigurationReader:48 - Jokes endpoint url is loading...
2022-11-03 17:36:16 INFO  ConfigurationReader:36 - Random base url is loading...
2022-11-03 17:36:18 INFO  APIResponseAssertions:14 - Expected!, status code is successfully validated.
2022-11-03 17:36:18 INFO  ConfigurationReader:42 - Random Jokes base url is loading...
2022-11-03 17:36:23 INFO  MagnetoHomePageAssertions:13 - Expected!, Show new yoga button is displayed
2022-11-03 17:36:24 INFO  MagnetoHomePageAssertions:18 - Expected!, Create an account title is displayed
2022-11-03 17:36:48 INFO  MagnetoHomePage:65 - Expected!, account is created successfully.
2022-11-03 17:40:12 INFO  ConfigurationReader:37 - Configuration file is successfully loaded.
2022-11-03 17:40:12 INFO  ConfigurationReader:37 - Configuration file is successfully loaded.
2022-11-03 17:40:12 INFO  ConfigurationReader:37 - Configuration file is successfully loaded.
2022-11-03 17:40:12 INFO  ConfigurationReader:48 - Jokes endpoint url is loading...
2022-11-03 17:40:12 INFO  ConfigurationReader:36 - Random base url is loading...
2022-11-03 17:40:14 INFO  APIResponseAssertions:14 - Expected!, status code is successfully validated.
2022-11-03 17:40:14 INFO  ConfigurationReader:42 - Random Jokes base url is loading...
2022-11-03 17:40:19 INFO  MagnetoHomePageAssertions:13 - Expected!, Show new yoga button is displayed
2022-11-03 17:40:20 INFO  MagnetoHomePageAssertions:18 - Expected!, Create an account title is displayed
2022-11-03 17:40:43 INFO  ConfigurationReader:37 - Configuration file is successfully loaded.
2022-11-03 17:40:43 INFO  ConfigurationReader:37 - Configuration file is successfully loaded.
2022-11-03 17:40:43 INFO  ConfigurationReader:37 - Configuration file is successfully loaded.
2022-11-03 17:40:43 INFO  ConfigurationReader:48 - Jokes endpoint url is loading...
2022-11-03 17:40:43 INFO  ConfigurationReader:36 - Random base url is loading...
2022-11-03 17:40:45 INFO  APIResponseAssertions:14 - Expected!, status code is successfully validated.
2022-11-03 17:40:45 INFO  ConfigurationReader:42 - Random Jokes base url is loading...
2022-11-03 17:40:49 INFO  MagnetoHomePageAssertions:13 - Expected!, Show new yoga button is displayed
2022-11-03 17:40:51 INFO  MagnetoHomePageAssertions:18 - Expected!, Create an account title is displayed
2022-11-03 17:40:56 INFO  MagnetoHomePage:60 - Expected!, account is created successfully.
2022-11-03 17:46:41 INFO  ConfigurationReader:37 - Configuration file is successfully loaded.
2022-11-03 17:46:41 INFO  ConfigurationReader:37 - Configuration file is successfully loaded.
2022-11-03 17:46:41 INFO  ConfigurationReader:37 - Configuration file is successfully loaded.
2022-11-03 17:46:41 INFO  ConfigurationReader:48 - Jokes endpoint url is loading...
2022-11-03 17:46:41 INFO  ConfigurationReader:36 - Random base url is loading...
2022-11-03 17:46:43 INFO  APIResponseAssertions:14 - Expected!, status code is successfully validated.
2022-11-03 17:46:43 INFO  ConfigurationReader:42 - Random Jokes base url is loading...
2022-11-03 17:46:47 INFO  MagnetoHomePageAssertions:13 - Expected!, Show new yoga button is displayed
2022-11-03 17:46:49 INFO  MagnetoHomePageAssertions:18 - Expected!, Create an account title is displayed
2022-11-03 17:46:54 INFO  MagnetoHomePage:60 - Expected!, account is created successfully.
2022-11-03 17:48:34 INFO  MagnetoHomePage:65 - Thank you for registering with Fake Online Clothing Store.
2022-11-03 17:48:34 INFO  MagnetoHomePageAssertions:23 - Expected!, Create an account title is displayed
2022-11-03 21:19:39 INFO  ConfigurationReader:37 - Configuration file is successfully loaded.
2022-11-03 21:19:39 INFO  ConfigurationReader:37 - Configuration file is successfully loaded.
2022-11-03 21:19:39 INFO  ConfigurationReader:37 - Configuration file is successfully loaded.
2022-11-03 21:19:39 INFO  ConfigurationReader:48 - Jokes endpoint url is loading...
2022-11-03 21:19:39 INFO  ConfigurationReader:36 - Random base url is loading...
2022-11-03 21:19:41 INFO  APIResponseAssertions:14 - Expected!, status code is successfully validated.
2022-11-03 21:19:41 INFO  ConfigurationReader:42 - Random Jokes base url is loading...
2022-11-03 21:19:46 INFO  MagnetoHomePageAssertions:13 - Expected!, Show new yoga button is displayed
2022-11-03 21:22:53 INFO  ConfigurationReader:37 - Configuration file is successfully loaded.
2022-11-03 21:22:53 INFO  ConfigurationReader:37 - Configuration file is successfully loaded.
2022-11-03 21:22:53 INFO  ConfigurationReader:37 - Configuration file is successfully loaded.
2022-11-03 21:22:53 INFO  ConfigurationReader:48 - Jokes endpoint url is loading...
2022-11-03 21:22:53 INFO  ConfigurationReader:36 - Random base url is loading...
2022-11-03 21:22:55 INFO  APIResponseAssertions:14 - Expected!, status code is successfully validated.
2022-11-03 21:22:55 INFO  ConfigurationReader:42 - Random Jokes base url is loading...
2022-11-03 21:22:59 INFO  MagnetoHomePageAssertions:13 - Expected!, Show new yoga button is displayed
2022-11-03 21:23:01 INFO  MagnetoHomePageAssertions:18 - Expected!, Create an account title is displayed
2022-11-03 21:23:06 INFO  MagnetoHomePage:67 - Expected!, account is created successfully.
2022-11-03 21:24:46 INFO  MagnetoHomePageAssertions:23 - Expected!, Create an account title is displayed
2022-11-03 21:25:20 INFO  ConfigurationReader:37 - Configuration file is successfully loaded.
2022-11-03 21:25:20 INFO  ConfigurationReader:37 - Configuration file is successfully loaded.
2022-11-03 21:25:20 INFO  ConfigurationReader:37 - Configuration file is successfully loaded.
2022-11-03 21:25:20 INFO  ConfigurationReader:48 - Jokes endpoint url is loading...
2022-11-03 21:25:20 INFO  ConfigurationReader:36 - Random base url is loading...
2022-11-03 21:25:23 INFO  APIResponseAssertions:14 - Expected!, status code is successfully validated.
2022-11-03 21:25:23 INFO  ConfigurationReader:42 - Random Jokes base url is loading...
2022-11-03 21:25:27 INFO  MagnetoHomePageAssertions:13 - Expected!, Show new yoga button is displayed
2022-11-03 21:25:29 INFO  MagnetoHomePageAssertions:18 - Expected!, Create an account title is displayed
2022-11-03 21:25:34 INFO  MagnetoHomePage:67 - Expected!, account is created successfully.
2022-11-03 21:27:58 INFO  MagnetoHomePageAssertions:23 - Expected!, Create an account title is displayed
2022-11-03 22:02:22 INFO  ConfigurationReader:37 - Configuration file is successfully loaded.
2022-11-03 22:02:22 INFO  ConfigurationReader:37 - Configuration file is successfully loaded.
2022-11-03 22:02:22 INFO  ConfigurationReader:37 - Configuration file is successfully loaded.
2022-11-03 22:02:22 INFO  ConfigurationReader:48 - Jokes endpoint url is loading...
2022-11-03 22:02:22 INFO  ConfigurationReader:36 - Random base url is loading...
2022-11-03 22:02:24 INFO  APIResponseAssertions:14 - Expected!, status code is successfully validated.
2022-11-03 22:02:24 INFO  ConfigurationReader:42 - Random Jokes base url is loading...
2022-11-03 22:02:30 INFO  MagnetoHomePageAssertions:13 - Expected!, Show new yoga button is displayed
2022-11-03 22:02:31 INFO  MagnetoHomePageAssertions:18 - Expected!, Create an account title is displayed
2022-11-03 22:02:37 INFO  MagnetoHomePage:73 - Expected!, account is created successfully.
2022-11-03 22:02:38 INFO  MagnetoHomePageAssertions:23 - Expected!, Create an account title is displayed
2022-11-03 22:04:37 INFO  ConfigurationReader:37 - Configuration file is successfully loaded.
2022-11-03 22:04:37 INFO  ConfigurationReader:37 - Configuration file is successfully loaded.
2022-11-03 22:04:37 INFO  ConfigurationReader:37 - Configuration file is successfully loaded.
2022-11-03 22:04:37 INFO  ConfigurationReader:48 - Jokes endpoint url is loading...
2022-11-03 22:04:37 INFO  ConfigurationReader:36 - Random base url is loading...
2022-11-03 22:04:39 INFO  APIResponseAssertions:14 - Expected!, status code is successfully validated.
2022-11-03 22:04:39 INFO  ConfigurationReader:42 - Random Jokes base url is loading...
2022-11-03 22:04:44 INFO  MagnetoHomePageAssertions:13 - Expected!, Show new yoga button is displayed
2022-11-03 22:04:45 INFO  MagnetoHomePageAssertions:18 - Expected!, Create an account title is displayed
2022-11-03 22:04:51 INFO  MagnetoHomePage:73 - Expected!, account is created successfully.
2022-11-03 22:04:51 INFO  MagnetoHomePageAssertions:23 - Expected!, Create an account title is displayed
2022-11-03 22:04:52 INFO  MagnetoHomePage:88 - 0
2022-11-03 22:08:22 INFO  ConfigurationReader:37 - Configuration file is successfully loaded.
2022-11-03 22:08:22 INFO  ConfigurationReader:37 - Configuration file is successfully loaded.
2022-11-03 22:08:22 INFO  ConfigurationReader:37 - Configuration file is successfully loaded.
2022-11-03 22:08:22 INFO  ConfigurationReader:48 - Jokes endpoint url is loading...
2022-11-03 22:08:22 INFO  ConfigurationReader:36 - Random base url is loading...
2022-11-03 22:08:24 INFO  APIResponseAssertions:14 - Expected!, status code is successfully validated.
2022-11-03 22:08:25 INFO  ConfigurationReader:42 - Random Jokes base url is loading...
2022-11-03 22:08:28 INFO  MagnetoHomePageAssertions:13 - Expected!, Show new yoga button is displayed
2022-11-03 22:08:30 INFO  MagnetoHomePageAssertions:18 - Expected!, Create an account title is displayed
2022-11-03 22:08:34 INFO  MagnetoHomePage:73 - Expected!, account is created successfully.
2022-11-03 22:08:35 INFO  MagnetoHomePageAssertions:23 - Expected!, Create an account title is displayed
2022-11-03 22:08:36 INFO  MagnetoHomePage:88 - 6
2022-11-03 22:08:36 INFO  MagnetoHomePage:90 - 4
2022-11-03 22:13:18 INFO  ConfigurationReader:37 - Configuration file is successfully loaded.
2022-11-03 22:13:18 INFO  ConfigurationReader:37 - Configuration file is successfully loaded.
2022-11-03 22:13:18 INFO  ConfigurationReader:37 - Configuration file is successfully loaded.
2022-11-03 22:13:18 INFO  ConfigurationReader:48 - Jokes endpoint url is loading...
2022-11-03 22:13:18 INFO  ConfigurationReader:36 - Random base url is loading...
2022-11-03 22:13:20 INFO  APIResponseAssertions:14 - Expected!, status code is successfully validated.
2022-11-03 22:13:20 INFO  ConfigurationReader:42 - Random Jokes base url is loading...
2022-11-03 22:13:24 INFO  MagnetoHomePageAssertions:13 - Expected!, Show new yoga button is displayed
2022-11-03 22:13:25 INFO  MagnetoHomePageAssertions:18 - Expected!, Create an account title is displayed
2022-11-03 22:13:30 INFO  MagnetoHomePage:73 - Expected!, account is created successfully.
2022-11-03 22:13:30 INFO  MagnetoHomePageAssertions:23 - Expected!, Create an account title is displayed
2022-11-03 22:13:32 INFO  MagnetoHomePage:88 - 6
2022-11-03 22:13:32 INFO  MagnetoHomePage:90 - 3
2022-11-03 22:13:33 INFO  MagnetoHomePage:101 - 5
2022-11-03 22:13:33 INFO  MagnetoHomePage:103 - 3
2022-11-03 22:27:04 INFO  ConfigurationReader:37 - Configuration file is successfully loaded.
2022-11-03 22:27:04 INFO  ConfigurationReader:37 - Configuration file is successfully loaded.
2022-11-03 22:27:04 INFO  ConfigurationReader:37 - Configuration file is successfully loaded.
2022-11-03 22:27:04 INFO  ConfigurationReader:48 - Jokes endpoint url is loading...
2022-11-03 22:27:04 INFO  ConfigurationReader:36 - Random base url is loading...
2022-11-03 22:27:06 INFO  APIResponseAssertions:14 - Expected!, status code is successfully validated.
2022-11-03 22:27:06 INFO  ConfigurationReader:42 - Random Jokes base url is loading...
2022-11-03 22:27:10 INFO  MagnetoHomePageAssertions:13 - Expected!, Show new yoga button is displayed
2022-11-03 22:27:11 INFO  MagnetoHomePageAssertions:18 - Expected!, Create an account title is displayed
2022-11-03 22:27:16 INFO  MagnetoHomePage:74 - Expected!, account is created successfully.
2022-11-03 22:27:16 INFO  MagnetoHomePageAssertions:23 - Expected!, Create an account title is displayed
2022-11-03 22:27:17 INFO  MagnetoHomePage:88 - 6
2022-11-03 22:27:17 INFO  MagnetoHomePage:90 - 0
2022-11-03 22:27:19 INFO  MagnetoHomePage:101 - 5
2022-11-03 22:27:19 INFO  MagnetoHomePage:103 - 4
2022-11-03 22:35:47 INFO  ConfigurationReader:37 - Configuration file is successfully loaded.
2022-11-03 22:35:47 INFO  ConfigurationReader:37 - Configuration file is successfully loaded.
2022-11-03 22:35:47 INFO  ConfigurationReader:37 - Configuration file is successfully loaded.
2022-11-03 22:35:47 INFO  ConfigurationReader:48 - Jokes endpoint url is loading...
2022-11-03 22:35:47 INFO  ConfigurationReader:36 - Random base url is loading...
2022-11-03 22:35:50 INFO  APIResponseAssertions:14 - Expected!, status code is successfully validated.
2022-11-03 22:35:50 INFO  ConfigurationReader:42 - Random Jokes base url is loading...
2022-11-03 22:35:55 INFO  MagnetoHomePageAssertions:13 - Expected!, Show new yoga button is displayed
2022-11-03 22:35:56 INFO  MagnetoHomePageAssertions:18 - Expected!, Create an account title is displayed
2022-11-03 22:36:01 INFO  MagnetoHomePage:75 - Expected!, account is created successfully.
2022-11-03 22:36:01 INFO  MagnetoHomePageAssertions:23 - Expected!, Create an account title is displayed
2022-11-03 22:36:02 INFO  MagnetoHomePage:89 - 6
2022-11-03 22:36:02 INFO  MagnetoHomePage:91 - 2
2022-11-03 22:36:05 INFO  MagnetoHomePage:102 - 5
2022-11-03 22:36:05 INFO  MagnetoHomePage:104 - 3
2022-11-03 22:42:15 INFO  ConfigurationReader:37 - Configuration file is successfully loaded.
2022-11-03 22:42:15 INFO  ConfigurationReader:37 - Configuration file is successfully loaded.
2022-11-03 22:42:15 INFO  ConfigurationReader:37 - Configuration file is successfully loaded.
2022-11-03 22:42:15 INFO  ConfigurationReader:48 - Jokes endpoint url is loading...
2022-11-03 22:42:15 INFO  ConfigurationReader:36 - Random base url is loading...
2022-11-03 22:42:17 INFO  APIResponseAssertions:14 - Expected!, status code is successfully validated.
2022-11-03 22:42:17 INFO  ConfigurationReader:42 - Random Jokes base url is loading...
2022-11-03 22:42:21 INFO  MagnetoHomePageAssertions:13 - Expected!, Show new yoga button is displayed
2022-11-03 22:42:22 INFO  MagnetoHomePageAssertions:18 - Expected!, Create an account title is displayed
2022-11-03 22:42:28 INFO  MagnetoHomePage:76 - Expected!, account is created successfully.
2022-11-03 22:42:28 INFO  MagnetoHomePageAssertions:23 - Expected!, Create an account title is displayed
2022-11-03 22:42:29 INFO  MagnetoHomePage:90 - 6
2022-11-03 22:42:29 INFO  MagnetoHomePage:92 - 4
2022-11-03 22:42:31 INFO  MagnetoHomePage:103 - 0
2022-11-03 22:44:01 INFO  ConfigurationReader:37 - Configuration file is successfully loaded.
2022-11-03 22:44:01 INFO  ConfigurationReader:37 - Configuration file is successfully loaded.
2022-11-03 22:44:01 INFO  ConfigurationReader:37 - Configuration file is successfully loaded.
2022-11-03 22:44:01 INFO  ConfigurationReader:48 - Jokes endpoint url is loading...
2022-11-03 22:44:01 INFO  ConfigurationReader:36 - Random base url is loading...
2022-11-03 22:44:03 INFO  APIResponseAssertions:14 - Expected!, status code is successfully validated.
2022-11-03 22:44:03 INFO  ConfigurationReader:42 - Random Jokes base url is loading...
2022-11-03 22:44:07 INFO  MagnetoHomePageAssertions:13 - Expected!, Show new yoga button is displayed
2022-11-03 22:44:08 INFO  MagnetoHomePageAssertions:18 - Expected!, Create an account title is displayed
2022-11-03 22:44:13 INFO  MagnetoHomePage:76 - Expected!, account is created successfully.
2022-11-03 22:44:14 INFO  MagnetoHomePageAssertions:23 - Expected!, Create an account title is displayed
2022-11-03 22:44:15 INFO  MagnetoHomePage:90 - 6
2022-11-03 22:44:15 INFO  MagnetoHomePage:92 - 3
2022-11-03 22:44:16 INFO  MagnetoHomePage:103 - 0
2022-11-03 22:44:16 INFO  MagnetoHomePage:108 - 0
2022-11-03 22:44:18 INFO  MagnetoHomePageAssertions:28 - Expected!, Create an account title is displayed
2022-11-03 23:26:36 INFO  ConfigurationReader:37 - Configuration file is successfully loaded.
2022-11-03 23:26:36 INFO  ConfigurationReader:37 - Configuration file is successfully loaded.
2022-11-03 23:26:36 INFO  ConfigurationReader:37 - Configuration file is successfully loaded.
2022-11-03 23:26:36 INFO  ConfigurationReader:48 - Jokes endpoint url is loading...
2022-11-03 23:26:36 INFO  ConfigurationReader:36 - Random base url is loading...
2022-11-03 23:26:38 INFO  APIResponseAssertions:14 - Expected!, status code is successfully validated.
2022-11-03 23:26:38 INFO  ConfigurationReader:42 - Random Jokes base url is loading...
2022-11-03 23:26:43 INFO  MagnetoHomePageAssertions:13 - Expected!, Show new yoga button is displayed
2022-11-03 23:26:44 INFO  MagnetoHomePageAssertions:18 - Expected!, Create an account title is displayed
2022-11-03 23:29:34 INFO  ConfigurationReader:37 - Configuration file is successfully loaded.
2022-11-03 23:29:34 INFO  ConfigurationReader:37 - Configuration file is successfully loaded.
2022-11-03 23:29:34 INFO  ConfigurationReader:37 - Configuration file is successfully loaded.
2022-11-03 23:29:34 INFO  ConfigurationReader:48 - Jokes endpoint url is loading...
2022-11-03 23:29:34 INFO  ConfigurationReader:36 - Random base url is loading...
2022-11-03 23:29:36 INFO  APIResponseAssertions:14 - Expected!, status code is successfully validated.
2022-11-03 23:29:36 INFO  ConfigurationReader:42 - Random Jokes base url is loading...
2022-11-03 23:29:40 INFO  MagnetoHomePageAssertions:13 - Expected!, Show new yoga button is displayed
2022-11-03 23:29:42 INFO  MagnetoHomePageAssertions:18 - Expected!, Create an account title is displayed
2022-11-03 23:29:46 INFO  MagnetoHomePage:86 - Expected!, account is created successfully.
2022-11-03 23:29:47 INFO  MagnetoHomePageAssertions:23 - Expected!, Create an account title is displayed
2022-11-03 23:29:48 INFO  MagnetoHomePage:100 - 6
2022-11-03 23:29:48 INFO  MagnetoHomePage:102 - 1
2022-11-03 23:29:49 INFO  MagnetoHomePage:113 - 0
2022-11-03 23:29:49 INFO  MagnetoHomePage:118 - 0
2022-11-03 23:29:51 INFO  MagnetoHomePageAssertions:28 - Expected!, Create an account title is displayed
2022-11-03 23:31:36 INFO  MagnetoHomePage:160 - Expected!, account is created successfully.
2022-11-03 23:43:27 INFO  ConfigurationReader:37 - Configuration file is successfully loaded.
2022-11-03 23:43:27 INFO  ConfigurationReader:37 - Configuration file is successfully loaded.
2022-11-03 23:43:27 INFO  ConfigurationReader:37 - Configuration file is successfully loaded.
2022-11-03 23:43:27 INFO  ConfigurationReader:48 - Jokes endpoint url is loading...
2022-11-03 23:43:27 INFO  ConfigurationReader:36 - Random base url is loading...
2022-11-03 23:43:29 INFO  APIResponseAssertions:14 - Expected!, status code is successfully validated.
2022-11-03 23:43:29 INFO  ConfigurationReader:42 - Random Jokes base url is loading...
2022-11-03 23:43:36 INFO  MagnetoHomePageAssertions:13 - Expected!, Show new yoga button is displayed
2022-11-03 23:43:37 INFO  MagnetoHomePageAssertions:18 - Expected!, Create an account title is displayed
2022-11-03 23:43:43 INFO  MagnetoHomePage:88 - Expected!, account is created successfully.
2022-11-03 23:43:43 INFO  MagnetoHomePageAssertions:23 - Expected!, Create an account title is displayed
2022-11-03 23:43:44 INFO  MagnetoHomePage:102 - 6
2022-11-03 23:43:44 INFO  MagnetoHomePage:104 - 0
2022-11-03 23:43:46 INFO  MagnetoHomePage:115 - 5
2022-11-03 23:43:46 INFO  MagnetoHomePage:120 - 0
2022-11-03 23:43:49 INFO  MagnetoHomePageAssertions:28 - Expected!, Create an account title is displayed
2022-11-03 23:43:57 INFO  MagnetoHomePage:162 - Expected!, account is created successfully.
2022-11-03 23:45:19 INFO  ConfigurationReader:37 - Configuration file is successfully loaded.
2022-11-03 23:45:19 INFO  ConfigurationReader:37 - Configuration file is successfully loaded.
2022-11-03 23:45:19 INFO  ConfigurationReader:37 - Configuration file is successfully loaded.
2022-11-03 23:45:19 INFO  ConfigurationReader:48 - Jokes endpoint url is loading...
2022-11-03 23:45:19 INFO  ConfigurationReader:36 - Random base url is loading...
2022-11-03 23:45:21 INFO  APIResponseAssertions:14 - Expected!, status code is successfully validated.
2022-11-03 23:45:21 INFO  ConfigurationReader:42 - Random Jokes base url is loading...
2022-11-03 23:45:27 INFO  MagnetoHomePageAssertions:13 - Expected!, Show new yoga button is displayed
2022-11-03 23:45:28 INFO  MagnetoHomePageAssertions:18 - Expected!, Create an account title is displayed
2022-11-03 23:45:34 INFO  MagnetoHomePage:88 - Expected!, account is created successfully.
2022-11-03 23:45:34 INFO  MagnetoHomePageAssertions:23 - Expected!, Create an account title is displayed
2022-11-03 23:45:35 INFO  MagnetoHomePage:102 - 6
2022-11-03 23:45:35 INFO  MagnetoHomePage:104 - 2
2022-11-03 23:45:37 INFO  MagnetoHomePage:115 - 0
2022-11-03 23:45:37 INFO  MagnetoHomePage:120 - 0
2022-11-03 23:45:39 INFO  MagnetoHomePageAssertions:28 - Expected!, Create an account title is displayed
2022-11-03 23:45:48 INFO  MagnetoHomePage:162 - Expected!, account is created successfully.
2022-11-03 23:46:55 INFO  ConfigurationReader:37 - Configuration file is successfully loaded.
2022-11-03 23:46:55 INFO  ConfigurationReader:37 - Configuration file is successfully loaded.
2022-11-03 23:46:55 INFO  ConfigurationReader:37 - Configuration file is successfully loaded.
2022-11-03 23:46:55 INFO  ConfigurationReader:48 - Jokes endpoint url is loading...
2022-11-03 23:46:55 INFO  ConfigurationReader:36 - Random base url is loading...
2022-11-03 23:46:57 INFO  APIResponseAssertions:14 - Expected!, status code is successfully validated.
2022-11-03 23:46:57 INFO  ConfigurationReader:42 - Random Jokes base url is loading...
2022-11-03 23:47:02 INFO  MagnetoHomePageAssertions:13 - Expected!, Show new yoga button is displayed
2022-11-03 23:47:04 INFO  MagnetoHomePageAssertions:18 - Expected!, Create an account title is displayed
2022-11-03 23:47:09 INFO  MagnetoHomePage:88 - Expected!, account is created successfully.
2022-11-03 23:47:10 INFO  MagnetoHomePageAssertions:23 - Expected!, Create an account title is displayed
2022-11-03 23:47:11 INFO  MagnetoHomePage:102 - 6
2022-11-03 23:47:11 INFO  MagnetoHomePage:104 - 5
2022-11-03 23:47:13 INFO  MagnetoHomePage:115 - 0
2022-11-03 23:47:13 INFO  MagnetoHomePage:120 - 0
2022-11-03 23:47:30 INFO  ConfigurationReader:37 - Configuration file is successfully loaded.
2022-11-03 23:47:30 INFO  ConfigurationReader:37 - Configuration file is successfully loaded.
2022-11-03 23:47:30 INFO  ConfigurationReader:37 - Configuration file is successfully loaded.
2022-11-03 23:47:30 INFO  ConfigurationReader:48 - Jokes endpoint url is loading...
2022-11-03 23:47:30 INFO  ConfigurationReader:36 - Random base url is loading...
2022-11-03 23:47:32 INFO  APIResponseAssertions:14 - Expected!, status code is successfully validated.
2022-11-03 23:47:32 INFO  ConfigurationReader:42 - Random Jokes base url is loading...
2022-11-03 23:47:37 INFO  MagnetoHomePageAssertions:13 - Expected!, Show new yoga button is displayed
2022-11-03 23:47:38 INFO  MagnetoHomePageAssertions:18 - Expected!, Create an account title is displayed
2022-11-03 23:47:44 INFO  MagnetoHomePage:88 - Expected!, account is created successfully.
2022-11-03 23:47:44 INFO  MagnetoHomePageAssertions:23 - Expected!, Create an account title is displayed
2022-11-03 23:47:45 INFO  MagnetoHomePage:102 - 6
2022-11-03 23:47:45 INFO  MagnetoHomePage:104 - 3
2022-11-03 23:47:47 INFO  MagnetoHomePage:115 - 5
2022-11-03 23:47:47 INFO  MagnetoHomePage:120 - 3
2022-11-03 23:47:49 INFO  MagnetoHomePageAssertions:28 - Expected!, Create an account title is displayed
2022-11-03 23:47:57 INFO  MagnetoHomePage:162 - Expected!, account is created successfully.
2022-11-04 07:55:09 INFO  ConfigurationReader:37 - Configuration file is successfully loaded.
2022-11-04 07:55:09 INFO  ConfigurationReader:37 - Configuration file is successfully loaded.
2022-11-04 07:55:09 INFO  ConfigurationReader:37 - Configuration file is successfully loaded.
2022-11-04 07:55:09 INFO  ConfigurationReader:48 - Jokes endpoint url is loading...
2022-11-04 07:55:09 INFO  ConfigurationReader:36 - Random base url is loading...
2022-11-04 07:55:11 INFO  APIResponseAssertions:14 - Expected!, status code is successfully validated.
2022-11-04 07:55:11 INFO  ConfigurationReader:42 - Random Jokes base url is loading...
2022-11-04 07:55:16 INFO  MagnetoHomePageAssertions:13 - Expected!, Show new yoga button is displayed
2022-11-04 07:55:17 INFO  MagnetoHomePageAssertions:18 - Expected!, Create an account title is displayed
2022-11-04 07:55:17 INFO  MagnetoHomePage:88 - Expected!, account is created successfully.
2022-11-04 07:55:34 INFO  ConfigurationReader:37 - Configuration file is successfully loaded.
2022-11-04 07:55:34 INFO  ConfigurationReader:37 - Configuration file is successfully loaded.
2022-11-04 07:55:34 INFO  ConfigurationReader:37 - Configuration file is successfully loaded.
2022-11-04 07:55:34 INFO  ConfigurationReader:48 - Jokes endpoint url is loading...
2022-11-04 07:55:34 INFO  ConfigurationReader:36 - Random base url is loading...
2022-11-04 07:55:36 INFO  APIResponseAssertions:14 - Expected!, status code is successfully validated.
2022-11-04 07:55:36 INFO  ConfigurationReader:42 - Random Jokes base url is loading...
2022-11-04 07:55:40 INFO  MagnetoHomePageAssertions:13 - Expected!, Show new yoga button is displayed
2022-11-04 07:55:41 INFO  MagnetoHomePageAssertions:18 - Expected!, Create an account title is displayed
2022-11-04 07:55:47 INFO  MagnetoHomePage:88 - Expected!, account is created successfully.
2022-11-04 07:55:47 INFO  MagnetoHomePageAssertions:23 - Expected!, Create an account title is displayed
2022-11-04 07:55:49 INFO  MagnetoHomePage:102 - 6
2022-11-04 07:55:49 INFO  MagnetoHomePage:104 - 0
2022-11-04 07:55:52 INFO  MagnetoHomePage:115 - 5
2022-11-04 07:55:52 INFO  MagnetoHomePage:120 - 0
2022-11-04 07:55:54 INFO  MagnetoHomePageAssertions:28 - Expected!, Create an account title is displayed
2022-11-04 07:56:01 INFO  MagnetoHomePage:162 - Expected!, account is created successfully.
2022-11-04 08:07:51 INFO  ConfigurationReader:37 - Configuration file is successfully loaded.
2022-11-04 08:07:51 INFO  ConfigurationReader:37 - Configuration file is successfully loaded.
2022-11-04 08:07:51 INFO  ConfigurationReader:37 - Configuration file is successfully loaded.
2022-11-04 08:07:51 INFO  ConfigurationReader:48 - Jokes endpoint url is loading...
2022-11-04 08:07:51 INFO  ConfigurationReader:36 - Random base url is loading...
2022-11-04 08:07:53 INFO  APIResponseAssertions:14 - Expected!, status code is successfully validated.
2022-11-04 08:07:53 INFO  ConfigurationReader:42 - Random Jokes base url is loading...
2022-11-04 08:07:58 INFO  MagnetoHomePageAssertions:13 - Expected!, Show new yoga button is displayed
2022-11-04 08:07:59 INFO  MagnetoHomePageAssertions:18 - Expected!, Create an account title is displayed
2022-11-04 08:08:04 INFO  MagnetoHomePage:88 - Expected!, account is created successfully.
2022-11-04 08:08:04 INFO  MagnetoHomePageAssertions:23 - Expected!, Registration success message is displayed
2022-11-04 08:08:05 INFO  MagnetoHomePage:102 - 6
2022-11-04 08:08:05 INFO  MagnetoHomePage:104 - 3
2022-11-04 08:08:08 INFO  MagnetoHomePage:115 - 5
2022-11-04 08:08:08 INFO  MagnetoHomePage:120 - 1
2022-11-04 08:08:10 INFO  MagnetoHomePageAssertions:28 - Expected!, add to cart success message is displayed
2022-11-04 08:08:17 INFO  MagnetoHomePage:162 - Expected!, account is created successfully.
2022-11-04 08:10:39 INFO  ConfigurationReader:37 - Configuration file is successfully loaded.
2022-11-04 08:10:39 INFO  ConfigurationReader:37 - Configuration file is successfully loaded.
2022-11-04 08:10:39 INFO  ConfigurationReader:37 - Configuration file is successfully loaded.
2022-11-04 08:10:39 INFO  ConfigurationReader:48 - Jokes endpoint url is loading...
2022-11-04 08:10:39 INFO  ConfigurationReader:36 - Random base url is loading...
2022-11-04 08:10:41 INFO  APIResponseAssertions:14 - Expected!, status code is successfully validated.
2022-11-04 08:10:41 INFO  ConfigurationReader:42 - Random Jokes base url is loading...
2022-11-04 08:10:46 INFO  MagnetoHomePageAssertions:13 - Expected!, Show new yoga button is displayed
2022-11-04 08:10:47 INFO  MagnetoHomePageAssertions:18 - Expected!, Create an account title is displayed
2022-11-04 08:10:52 INFO  MagnetoHomePage:87 - Expected!, account is created successfully.
2022-11-04 08:10:52 INFO  MagnetoHomePageAssertions:23 - Expected!, Registration success message is displayed
2022-11-04 08:10:53 INFO  MagnetoHomePage:101 - 6
2022-11-04 08:10:53 INFO  MagnetoHomePage:103 - 5
2022-11-04 08:10:55 INFO  MagnetoHomePage:114 - 0
2022-11-04 08:10:55 INFO  MagnetoHomePage:119 - 0
2022-11-04 08:11:08 INFO  ConfigurationReader:37 - Configuration file is successfully loaded.
2022-11-04 08:11:08 INFO  ConfigurationReader:37 - Configuration file is successfully loaded.
2022-11-04 08:11:08 INFO  ConfigurationReader:37 - Configuration file is successfully loaded.
2022-11-04 08:11:08 INFO  ConfigurationReader:48 - Jokes endpoint url is loading...
2022-11-04 08:11:08 INFO  ConfigurationReader:36 - Random base url is loading...
2022-11-04 08:11:09 INFO  APIResponseAssertions:14 - Expected!, status code is successfully validated.
2022-11-04 08:11:09 INFO  ConfigurationReader:42 - Random Jokes base url is loading...
2022-11-04 08:11:14 INFO  MagnetoHomePageAssertions:13 - Expected!, Show new yoga button is displayed
2022-11-04 08:11:15 INFO  MagnetoHomePageAssertions:18 - Expected!, Create an account title is displayed
2022-11-04 08:11:19 INFO  MagnetoHomePage:87 - Expected!, account is created successfully.
2022-11-04 08:11:20 INFO  MagnetoHomePageAssertions:23 - Expected!, Registration success message is displayed
2022-11-04 08:11:21 INFO  MagnetoHomePage:101 - 6
2022-11-04 08:11:21 INFO  MagnetoHomePage:103 - 0
2022-11-04 08:11:22 INFO  MagnetoHomePage:114 - 5
2022-11-04 08:11:22 INFO  MagnetoHomePage:119 - 1
2022-11-04 08:11:24 INFO  MagnetoHomePageAssertions:28 - Expected!, add to cart success message is displayed
2022-11-04 08:11:31 INFO  MagnetoHomePage:161 - Expected!, account is created successfully.
2022-11-04 08:15:44 INFO  ConfigurationReader:37 - Configuration file is successfully loaded.
2022-11-04 08:15:44 INFO  ConfigurationReader:37 - Configuration file is successfully loaded.
2022-11-04 08:15:44 INFO  ConfigurationReader:37 - Configuration file is successfully loaded.
2022-11-04 08:15:44 INFO  ConfigurationReader:48 - Jokes endpoint url is loading...
2022-11-04 08:15:44 INFO  ConfigurationReader:36 - Random base url is loading...
2022-11-04 08:15:46 INFO  APIResponseAssertions:14 - Expected!, status code is successfully validated.
2022-11-04 08:15:46 INFO  ConfigurationReader:42 - Random Jokes base url is loading...
2022-11-04 08:15:50 INFO  MagnetoHomePageAssertions:13 - Expected!, Show new yoga button is displayed
2022-11-04 08:15:51 INFO  MagnetoHomePageAssertions:18 - Expected!, Create an account title is displayed
2022-11-04 08:15:56 INFO  MagnetoHomePage:88 - Expected!, account is created successfully.
2022-11-04 08:15:56 INFO  MagnetoHomePageAssertions:23 - Expected!, Registration success message is displayed
2022-11-04 08:15:57 INFO  MagnetoHomePage:102 - 6
2022-11-04 08:15:57 INFO  MagnetoHomePage:104 - 3
2022-11-04 08:15:59 INFO  MagnetoHomePage:115 - 5
2022-11-04 08:15:59 INFO  MagnetoHomePage:120 - 3
2022-11-04 08:16:01 INFO  MagnetoHomePageAssertions:28 - Expected!, add to cart success message is displayed
2022-11-04 08:16:08 INFO  MagnetoHomePage:162 - Expected!, account is created successfully.
2022-11-04 08:17:54 INFO  ConfigurationReader:37 - Configuration file is successfully loaded.
2022-11-04 08:17:54 INFO  ConfigurationReader:37 - Configuration file is successfully loaded.
2022-11-04 08:17:54 INFO  ConfigurationReader:37 - Configuration file is successfully loaded.
2022-11-04 08:17:55 INFO  ConfigurationReader:48 - Jokes endpoint url is loading...
2022-11-04 08:17:55 INFO  ConfigurationReader:36 - Random base url is loading...
2022-11-04 08:17:56 INFO  APIResponseAssertions:14 - Expected!, status code is successfully validated.
2022-11-04 08:17:56 INFO  ConfigurationReader:42 - Random Jokes base url is loading...
2022-11-04 08:18:01 INFO  MagnetoHomePageAssertions:13 - Expected!, Show new yoga button is displayed
2022-11-04 08:18:02 INFO  MagnetoHomePageAssertions:18 - Expected!, Create an account title is displayed
2022-11-04 08:18:07 INFO  MagnetoHomePage:88 - Expected!, account is created successfully.
2022-11-04 08:18:07 INFO  MagnetoHomePageAssertions:23 - Expected!, Registration success message is displayed
2022-11-04 08:18:08 INFO  MagnetoHomePage:102 - 6
2022-11-04 08:18:08 INFO  MagnetoHomePage:104 - 3
2022-11-04 08:18:09 INFO  MagnetoHomePage:115 - 5
2022-11-04 08:18:09 INFO  MagnetoHomePage:120 - 3
2022-11-04 08:18:12 INFO  MagnetoHomePageAssertions:28 - Expected!, add to cart success message is displayed
2022-11-04 08:18:18 INFO  MagnetoHomePage:162 - Expected!, account is created successfully.
2022-11-04 08:18:56 INFO  ConfigurationReader:37 - Configuration file is successfully loaded.
2022-11-04 08:18:56 INFO  ConfigurationReader:37 - Configuration file is successfully loaded.
2022-11-04 08:18:56 INFO  ConfigurationReader:37 - Configuration file is successfully loaded.
2022-11-04 08:18:56 INFO  ConfigurationReader:48 - Jokes endpoint url is loading...
2022-11-04 08:18:56 INFO  ConfigurationReader:36 - Random base url is loading...
2022-11-04 08:18:57 INFO  APIResponseAssertions:14 - Expected!, status code is successfully validated.
2022-11-04 08:18:58 INFO  ConfigurationReader:42 - Random Jokes base url is loading...
2022-11-04 08:19:02 INFO  MagnetoHomePageAssertions:13 - Expected!, Show new yoga button is displayed
2022-11-04 08:19:03 INFO  MagnetoHomePageAssertions:18 - Expected!, Create an account title is displayed
2022-11-04 08:19:07 INFO  MagnetoHomePage:88 - Expected!, account is created successfully.
2022-11-04 08:19:07 INFO  MagnetoHomePageAssertions:23 - Expected!, Registration success message is displayed
2022-11-04 08:19:08 INFO  MagnetoHomePage:102 - 6
2022-11-04 08:19:08 INFO  MagnetoHomePage:104 - 4
2022-11-04 08:19:11 INFO  MagnetoHomePage:115 - 0
2022-11-04 08:19:11 INFO  MagnetoHomePage:120 - 0
2022-11-04 08:34:56 INFO  ConfigurationReader:37 - Configuration file is successfully loaded.
2022-11-04 08:34:56 INFO  ConfigurationReader:37 - Configuration file is successfully loaded.
2022-11-04 08:34:56 INFO  ConfigurationReader:37 - Configuration file is successfully loaded.
2022-11-04 08:34:56 INFO  ConfigurationReader:48 - Jokes endpoint url is loading...
2022-11-04 08:34:56 INFO  ConfigurationReader:36 - Random base url is loading...
2022-11-04 08:34:58 INFO  APIResponseAssertions:14 - Expected!, status code is successfully validated.
2022-11-04 08:34:58 INFO  ConfigurationReader:42 - Random Jokes base url is loading...
2022-11-04 08:35:03 INFO  MagnetoHomePageAssertions:13 - Expected!, Show new yoga button is displayed
2022-11-04 08:35:04 INFO  MagnetoHomePageAssertions:18 - Expected!, Create an account title is displayed
2022-11-04 08:35:09 INFO  MagnetoHomePage:88 - Expected!, account is created successfully.
2022-11-04 08:35:09 INFO  MagnetoHomePageAssertions:23 - Expected!, Registration success message is displayed
2022-11-04 08:35:10 INFO  MagnetoHomePage:102 - 6
2022-11-04 08:35:10 INFO  MagnetoHomePage:104 - 5
2022-11-04 08:35:11 INFO  MagnetoHomePage:115 - 0
2022-11-04 08:35:11 INFO  MagnetoHomePage:120 - 0
2022-11-04 08:35:22 INFO  ConfigurationReader:37 - Configuration file is successfully loaded.
2022-11-04 08:35:22 INFO  ConfigurationReader:37 - Configuration file is successfully loaded.
2022-11-04 08:35:22 INFO  ConfigurationReader:37 - Configuration file is successfully loaded.
2022-11-04 08:35:22 INFO  ConfigurationReader:48 - Jokes endpoint url is loading...
2022-11-04 08:35:22 INFO  ConfigurationReader:36 - Random base url is loading...
2022-11-04 08:35:24 INFO  APIResponseAssertions:14 - Expected!, status code is successfully validated.
2022-11-04 08:35:24 INFO  ConfigurationReader:42 - Random Jokes base url is loading...
2022-11-04 08:35:29 INFO  MagnetoHomePageAssertions:13 - Expected!, Show new yoga button is displayed
2022-11-04 08:35:30 INFO  MagnetoHomePageAssertions:18 - Expected!, Create an account title is displayed
2022-11-04 08:35:35 INFO  MagnetoHomePage:88 - Expected!, account is created successfully.
2022-11-04 08:35:35 INFO  MagnetoHomePageAssertions:23 - Expected!, Registration success message is displayed
2022-11-04 08:35:36 INFO  MagnetoHomePage:102 - 6
2022-11-04 08:35:36 INFO  MagnetoHomePage:104 - 4
2022-11-04 08:35:37 INFO  MagnetoHomePage:115 - 0
2022-11-04 08:35:37 INFO  MagnetoHomePage:120 - 0
2022-11-04 08:35:49 INFO  ConfigurationReader:37 - Configuration file is successfully loaded.
2022-11-04 08:35:49 INFO  ConfigurationReader:37 - Configuration file is successfully loaded.
2022-11-04 08:35:49 INFO  ConfigurationReader:37 - Configuration file is successfully loaded.
2022-11-04 08:35:49 INFO  ConfigurationReader:48 - Jokes endpoint url is loading...
2022-11-04 08:35:49 INFO  ConfigurationReader:36 - Random base url is loading...
2022-11-04 08:35:51 INFO  APIResponseAssertions:14 - Expected!, status code is successfully validated.
2022-11-04 08:35:51 INFO  ConfigurationReader:42 - Random Jokes base url is loading...
2022-11-04 08:35:56 INFO  MagnetoHomePageAssertions:13 - Expected!, Show new yoga button is displayed
2022-11-04 08:35:57 INFO  MagnetoHomePageAssertions:18 - Expected!, Create an account title is displayed
2022-11-04 08:36:01 INFO  MagnetoHomePage:88 - Expected!, account is created successfully.
2022-11-04 08:36:02 INFO  MagnetoHomePageAssertions:23 - Expected!, Registration success message is displayed
2022-11-04 08:36:03 INFO  MagnetoHomePage:102 - 6
2022-11-04 08:36:03 INFO  MagnetoHomePage:104 - 1
2022-11-04 08:36:04 INFO  MagnetoHomePage:115 - 5
2022-11-04 08:36:04 INFO  MagnetoHomePage:120 - 3
2022-11-04 08:36:07 INFO  MagnetoHomePageAssertions:28 - Expected!, add to cart success message is displayed
2022-11-04 08:36:15 INFO  MagnetoHomePage:162 - Expected!, account is created successfully.
2022-11-04 15:45:44 INFO  ConfigurationReader:37 - Configuration file is successfully loaded.
2022-11-04 15:45:44 INFO  ConfigurationReader:37 - Configuration file is successfully loaded.
2022-11-04 15:45:44 INFO  ConfigurationReader:37 - Configuration file is successfully loaded.
2022-11-04 15:47:08 INFO  ConfigurationReader:37 - Configuration file is successfully loaded.
2022-11-04 15:47:08 INFO  ConfigurationReader:37 - Configuration file is successfully loaded.
2022-11-04 15:47:08 INFO  ConfigurationReader:37 - Configuration file is successfully loaded.
2022-11-04 15:47:08 INFO  ConfigurationReader:48 - Jokes endpoint url is loading...
2022-11-04 15:47:08 INFO  ConfigurationReader:36 - Random base url is loading...
2022-11-04 15:47:10 INFO  APIResponseAssertions:14 - Expected!, status code is successfully validated.
2022-11-04 15:47:10 INFO  ConfigurationReader:42 - Random Jokes base url is loading...
2022-11-04 15:47:16 INFO  MagnetoHomePageAssertions:13 - Expected!, Show new yoga button is displayed
2022-11-04 15:47:17 INFO  MagnetoHomePageAssertions:18 - Expected!, Create an account title is displayed
2022-11-04 15:47:22 INFO  MagnetoHomePage:90 - Expected!, account is created successfully.
2022-11-04 15:47:23 INFO  MagnetoHomePageAssertions:23 - Expected!, Registration success message is displayed
2022-11-04 15:47:24 INFO  MagnetoHomePage:104 - 6
2022-11-04 15:47:24 INFO  MagnetoHomePage:106 - 0
2022-11-04 15:47:25 INFO  MagnetoHomePage:112 - 0
2022-11-04 15:47:25 INFO  MagnetoHomePage:117 - 0
2022-11-04 15:47:28 INFO  MagnetoHomePageAssertions:28 - Expected!, add to cart success message is displayed
2022-11-04 16:05:02 INFO  ConfigurationReader:37 - Configuration file is successfully loaded.
2022-11-04 16:05:02 INFO  ConfigurationReader:37 - Configuration file is successfully loaded.
2022-11-04 16:05:02 INFO  ConfigurationReader:37 - Configuration file is successfully loaded.
2022-11-04 16:05:02 INFO  ConfigurationReader:48 - Jokes endpoint url is loading...
2022-11-04 16:05:02 INFO  ConfigurationReader:36 - Random base url is loading...
2022-11-04 16:05:04 INFO  APIResponseAssertions:14 - Expected!, status code is successfully validated.
2022-11-04 16:05:04 INFO  ConfigurationReader:42 - Random Jokes base url is loading...
2022-11-04 16:05:08 INFO  MagnetoHomePageAssertions:13 - Expected!, Show new yoga button is displayed
2022-11-04 16:05:10 INFO  MagnetoHomePageAssertions:18 - Expected!, Create an account title is displayed
2022-11-04 16:05:15 INFO  MagnetoHomePage:91 - Expected!, account is created successfully.
2022-11-04 16:05:15 INFO  MagnetoHomePageAssertions:23 - Expected!, Registration success message is displayed
2022-11-04 16:05:16 INFO  MagnetoHomePage:105 - 6
2022-11-04 16:05:16 INFO  MagnetoHomePage:107 - 3
2022-11-04 16:05:17 INFO  MagnetoHomePage:113 - 5
2022-11-04 16:05:17 INFO  MagnetoHomePage:118 - 1
2022-11-04 16:05:19 INFO  MagnetoHomePageAssertions:28 - Expected!, add to cart success message is displayed
2022-11-04 16:05:26 INFO  MagnetoHomePage:164 - Expected!, account is created successfully.
2022-11-04 16:07:28 INFO  ConfigurationReader:37 - Configuration file is successfully loaded.
2022-11-04 16:07:28 INFO  ConfigurationReader:37 - Configuration file is successfully loaded.
2022-11-04 16:07:28 INFO  ConfigurationReader:37 - Configuration file is successfully loaded.
2022-11-04 16:07:28 INFO  ConfigurationReader:48 - Jokes endpoint url is loading...
2022-11-04 16:07:28 INFO  ConfigurationReader:36 - Random base url is loading...
2022-11-04 16:07:30 INFO  APIResponseAssertions:14 - Expected!, status code is successfully validated.
2022-11-04 16:07:30 INFO  ConfigurationReader:42 - Random Jokes base url is loading...
2022-11-04 16:07:34 INFO  MagnetoHomePageAssertions:13 - Expected!, Show new yoga button is displayed
2022-11-04 16:07:35 INFO  MagnetoHomePageAssertions:18 - Expected!, Create an account title is displayed
2022-11-04 16:07:40 INFO  MagnetoHomePage:91 - Expected!, account is created successfully.
2022-11-04 16:07:41 INFO  MagnetoHomePageAssertions:23 - Expected!, Registration success message is displayed
2022-11-04 16:07:42 INFO  MagnetoHomePage:105 - 6
2022-11-04 16:07:42 INFO  MagnetoHomePage:107 - 5
2022-11-04 16:07:43 INFO  MagnetoHomePage:113 - 0
2022-11-04 16:07:43 INFO  MagnetoHomePage:118 - 0
2022-11-04 16:08:15 INFO  ConfigurationReader:37 - Configuration file is successfully loaded.
2022-11-04 16:08:15 INFO  ConfigurationReader:37 - Configuration file is successfully loaded.
2022-11-04 16:08:15 INFO  ConfigurationReader:37 - Configuration file is successfully loaded.
2022-11-04 16:08:15 INFO  ConfigurationReader:48 - Jokes endpoint url is loading...
2022-11-04 16:08:15 INFO  ConfigurationReader:36 - Random base url is loading...
2022-11-04 16:08:17 INFO  APIResponseAssertions:14 - Expected!, status code is successfully validated.
2022-11-04 16:08:18 INFO  ConfigurationReader:42 - Random Jokes base url is loading...
2022-11-04 16:08:22 INFO  MagnetoHomePageAssertions:13 - Expected!, Show new yoga button is displayed
2022-11-04 16:08:23 INFO  MagnetoHomePageAssertions:18 - Expected!, Create an account title is displayed
2022-11-04 16:08:28 INFO  MagnetoHomePage:91 - Expected!, account is created successfully.
2022-11-04 16:08:28 INFO  MagnetoHomePageAssertions:23 - Expected!, Registration success message is displayed
2022-11-04 16:08:30 INFO  MagnetoHomePage:105 - 6
2022-11-04 16:08:30 INFO  MagnetoHomePage:107 - 2
2022-11-04 16:08:32 INFO  MagnetoHomePage:113 - 5
2022-11-04 16:08:32 INFO  MagnetoHomePage:118 - 2
2022-11-04 16:08:34 INFO  MagnetoHomePageAssertions:28 - Expected!, add to cart success message is displayed
2022-11-04 16:08:41 INFO  MagnetoHomePage:164 - Expected!, account is created successfully.
2022-11-04 16:08:45 INFO  MagnetoHomePage:183 - Checkout
2022-11-04 16:10:22 INFO  ConfigurationReader:37 - Configuration file is successfully loaded.
2022-11-04 16:10:22 INFO  ConfigurationReader:37 - Configuration file is successfully loaded.
2022-11-04 16:10:22 INFO  ConfigurationReader:37 - Configuration file is successfully loaded.
2022-11-04 16:10:22 INFO  ConfigurationReader:48 - Jokes endpoint url is loading...
2022-11-04 16:10:22 INFO  ConfigurationReader:36 - Random base url is loading...
2022-11-04 16:10:24 INFO  APIResponseAssertions:14 - Expected!, status code is successfully validated.
2022-11-04 16:10:24 INFO  ConfigurationReader:42 - Random Jokes base url is loading...
2022-11-04 16:10:28 INFO  MagnetoHomePageAssertions:13 - Expected!, Show new yoga button is displayed
2022-11-04 16:10:29 INFO  MagnetoHomePageAssertions:18 - Expected!, Create an account title is displayed
2022-11-04 16:10:34 INFO  MagnetoHomePage:91 - Expected!, account is created successfully.
2022-11-04 16:10:35 INFO  MagnetoHomePageAssertions:23 - Expected!, Registration success message is displayed
2022-11-04 16:10:36 INFO  MagnetoHomePage:105 - 6
2022-11-04 16:10:36 INFO  MagnetoHomePage:107 - 5
2022-11-04 16:10:37 INFO  MagnetoHomePage:113 - 0
2022-11-04 16:10:37 INFO  MagnetoHomePage:118 - 0
2022-11-04 16:11:04 INFO  ConfigurationReader:37 - Configuration file is successfully loaded.
2022-11-04 16:11:04 INFO  ConfigurationReader:37 - Configuration file is successfully loaded.
2022-11-04 16:11:04 INFO  ConfigurationReader:37 - Configuration file is successfully loaded.
2022-11-04 16:11:04 INFO  ConfigurationReader:48 - Jokes endpoint url is loading...
2022-11-04 16:11:04 INFO  ConfigurationReader:36 - Random base url is loading...
2022-11-04 16:11:05 INFO  APIResponseAssertions:14 - Expected!, status code is successfully validated.
2022-11-04 16:11:05 INFO  ConfigurationReader:42 - Random Jokes base url is loading...
2022-11-04 16:11:09 INFO  MagnetoHomePageAssertions:13 - Expected!, Show new yoga button is displayed
2022-11-04 16:11:10 INFO  MagnetoHomePageAssertions:18 - Expected!, Create an account title is displayed
2022-11-04 16:11:15 INFO  MagnetoHomePage:91 - Expected!, account is created successfully.
2022-11-04 16:11:15 INFO  MagnetoHomePageAssertions:23 - Expected!, Registration success message is displayed
2022-11-04 16:11:16 INFO  MagnetoHomePage:105 - 6
2022-11-04 16:11:16 INFO  MagnetoHomePage:107 - 1
2022-11-04 16:11:19 INFO  MagnetoHomePage:113 - 5
2022-11-04 16:11:19 INFO  MagnetoHomePage:118 - 3
2022-11-04 16:11:21 INFO  MagnetoHomePageAssertions:28 - Expected!, add to cart success message is displayed
2022-11-04 16:11:28 INFO  MagnetoHomePage:164 - Expected!, account is created successfully.
2022-11-04 16:11:31 INFO  MagnetoHomePage:183 - Checkout
2022-11-04 16:14:40 INFO  ConfigurationReader:37 - Configuration file is successfully loaded.
2022-11-04 16:14:40 INFO  ConfigurationReader:37 - Configuration file is successfully loaded.
2022-11-04 16:14:40 INFO  ConfigurationReader:37 - Configuration file is successfully loaded.
2022-11-04 16:14:40 INFO  ConfigurationReader:48 - Jokes endpoint url is loading...
2022-11-04 16:14:40 INFO  ConfigurationReader:36 - Random base url is loading...
2022-11-04 16:14:42 INFO  APIResponseAssertions:14 - Expected!, status code is successfully validated.
2022-11-04 16:14:42 INFO  ConfigurationReader:42 - Random Jokes base url is loading...
2022-11-04 16:14:46 INFO  MagnetoHomePageAssertions:13 - Expected!, Show new yoga button is displayed
2022-11-04 16:14:47 INFO  MagnetoHomePageAssertions:18 - Expected!, Create an account title is displayed
2022-11-04 16:14:52 INFO  MagnetoHomePage:91 - Expected!, account is created successfully.
2022-11-04 16:14:52 INFO  MagnetoHomePageAssertions:23 - Expected!, Registration success message is displayed
2022-11-04 16:14:53 INFO  MagnetoHomePage:105 - 6
2022-11-04 16:14:53 INFO  MagnetoHomePage:107 - 2
2022-11-04 16:14:55 INFO  MagnetoHomePage:113 - 5
2022-11-04 16:14:55 INFO  MagnetoHomePage:118 - 2
2022-11-04 16:14:57 INFO  MagnetoHomePageAssertions:28 - Expected!, add to cart success message is displayed
2022-11-04 16:15:03 INFO  MagnetoHomePage:164 - Expected!, account is created successfully.
2022-11-04 16:15:07 INFO  MagnetoHomePage:183 - Checkout
2022-11-04 16:18:57 INFO  ConfigurationReader:37 - Configuration file is successfully loaded.
2022-11-04 16:18:57 INFO  ConfigurationReader:37 - Configuration file is successfully loaded.
2022-11-04 16:18:57 INFO  ConfigurationReader:37 - Configuration file is successfully loaded.
2022-11-04 16:18:57 INFO  ConfigurationReader:48 - Jokes endpoint url is loading...
2022-11-04 16:18:57 INFO  ConfigurationReader:36 - Random base url is loading...
2022-11-04 16:18:59 INFO  APIResponseAssertions:14 - Expected!, status code is successfully validated.
2022-11-04 16:18:59 INFO  ConfigurationReader:42 - Random Jokes base url is loading...
2022-11-04 16:19:04 INFO  MagnetoHomePageAssertions:13 - Expected!, Show new yoga button is displayed
2022-11-04 16:19:06 INFO  MagnetoHomePageAssertions:18 - Expected!, Create an account title is displayed
2022-11-04 16:19:13 INFO  MagnetoHomePage:91 - Expected!, account is created successfully.
2022-11-04 16:19:14 INFO  MagnetoHomePageAssertions:23 - Expected!, Registration success message is displayed
2022-11-04 16:19:15 INFO  MagnetoHomePage:105 - 6
2022-11-04 16:19:15 INFO  MagnetoHomePage:107 - 2
2022-11-04 16:19:16 INFO  MagnetoHomePage:113 - 0
2022-11-04 16:19:16 INFO  MagnetoHomePage:118 - 0
2022-11-04 16:19:19 INFO  MagnetoHomePageAssertions:28 - Expected!, add to cart success message is displayed
2022-11-04 16:19:27 INFO  MagnetoHomePage:164 - Expected!, account is created successfully.
2022-11-04 16:19:31 INFO  MagnetoHomePage:183 - Checkout
2022-11-04 16:24:06 INFO  ConfigurationReader:37 - Configuration file is successfully loaded.
2022-11-04 16:24:06 INFO  ConfigurationReader:37 - Configuration file is successfully loaded.
2022-11-04 16:24:06 INFO  ConfigurationReader:37 - Configuration file is successfully loaded.
2022-11-04 16:24:06 INFO  ConfigurationReader:48 - Jokes endpoint url is loading...
2022-11-04 16:24:06 INFO  ConfigurationReader:36 - Random base url is loading...
2022-11-04 16:24:09 INFO  APIResponseAssertions:14 - Expected!, status code is successfully validated.
2022-11-04 16:24:09 INFO  ConfigurationReader:42 - Random Jokes base url is loading...
2022-11-04 16:24:15 INFO  MagnetoHomePageAssertions:13 - Expected!, Show new yoga button is displayed
2022-11-04 16:24:16 INFO  MagnetoHomePageAssertions:18 - Expected!, Create an account title is displayed
2022-11-04 16:24:22 INFO  MagnetoHomePage:91 - Expected!, account is created successfully.
2022-11-04 16:24:22 INFO  MagnetoHomePageAssertions:23 - Expected!, Registration success message is displayed
2022-11-04 16:24:23 INFO  MagnetoHomePage:105 - 6
2022-11-04 16:24:23 INFO  MagnetoHomePage:107 - 1
2022-11-04 16:24:24 INFO  MagnetoHomePage:113 - 0
2022-11-04 16:24:24 INFO  MagnetoHomePage:118 - 0
2022-11-04 16:24:27 INFO  MagnetoHomePageAssertions:28 - Expected!, add to cart success message is displayed
2022-11-04 16:24:35 INFO  MagnetoHomePage:164 - Expected!, account is created successfully.
2022-11-04 16:24:43 INFO  MagnetoHomePage:183 - We'll email you an order confirmation with details and tracking info.
2022-11-04 16:24:43 INFO  MagnetoHomePageAssertions:33 - Expected!, Order placed message is displayed
2022-11-04 16:28:55 INFO  ConfigurationReader:37 - Configuration file is successfully loaded.
2022-11-04 16:28:55 INFO  ConfigurationReader:37 - Configuration file is successfully loaded.
2022-11-04 16:28:55 INFO  ConfigurationReader:37 - Configuration file is successfully loaded.
2022-11-04 16:28:55 INFO  ConfigurationReader:48 - Jokes endpoint url is loading...
2022-11-04 16:28:55 INFO  ConfigurationReader:36 - Random base url is loading...
2022-11-04 16:28:58 INFO  APIResponseAssertions:14 - Expected!, status code is successfully validated.
2022-11-04 16:28:58 INFO  ConfigurationReader:42 - Random Jokes base url is loading...
2022-11-04 16:29:03 INFO  MagnetoHomePageAssertions:13 - Expected!, Show new yoga button is displayed
2022-11-04 16:29:04 INFO  MagnetoHomePageAssertions:18 - Expected!, Create an account title is displayed
2022-11-04 16:29:09 INFO  MagnetoHomePage:90 - Expected!, account is created successfully.
2022-11-04 16:29:10 INFO  MagnetoHomePageAssertions:23 - Expected!, Registration success message is displayed
2022-11-04 16:29:11 INFO  MagnetoHomePage:104 - 6
2022-11-04 16:29:11 INFO  MagnetoHomePage:106 - 1
2022-11-04 16:29:13 INFO  MagnetoHomePage:112 - 5
2022-11-04 16:29:13 INFO  MagnetoHomePage:117 - 0
2022-11-04 16:29:15 INFO  MagnetoHomePageAssertions:28 - Expected!, add to cart success message is displayed
2022-11-04 16:29:48 INFO  ConfigurationReader:37 - Configuration file is successfully loaded.
2022-11-04 16:29:48 INFO  ConfigurationReader:37 - Configuration file is successfully loaded.
2022-11-04 16:29:48 INFO  ConfigurationReader:37 - Configuration file is successfully loaded.
2022-11-04 16:29:48 INFO  ConfigurationReader:48 - Jokes endpoint url is loading...
2022-11-04 16:29:48 INFO  ConfigurationReader:36 - Random base url is loading...
2022-11-04 16:29:51 INFO  APIResponseAssertions:14 - Expected!, status code is successfully validated.
2022-11-04 16:29:51 INFO  ConfigurationReader:42 - Random Jokes base url is loading...
2022-11-04 16:29:56 INFO  MagnetoHomePageAssertions:13 - Expected!, Show new yoga button is displayed
2022-11-04 16:29:58 INFO  MagnetoHomePageAssertions:18 - Expected!, Create an account title is displayed
2022-11-04 16:30:05 INFO  MagnetoHomePage:90 - Expected!, account is created successfully.
2022-11-04 16:30:06 INFO  MagnetoHomePageAssertions:23 - Expected!, Registration success message is displayed
2022-11-04 16:30:07 INFO  MagnetoHomePage:104 - 6
2022-11-04 16:30:07 INFO  MagnetoHomePage:106 - 0
2022-11-04 16:30:09 INFO  MagnetoHomePage:112 - 5
2022-11-04 16:30:09 INFO  MagnetoHomePage:117 - 1
2022-11-04 16:30:12 INFO  MagnetoHomePageAssertions:28 - Expected!, add to cart success message is displayed
2022-11-04 16:30:22 INFO  MagnetoHomePage:163 - Expected!, account is created successfully.
2022-11-04 16:34:52 INFO  ConfigurationReader:37 - Configuration file is successfully loaded.
2022-11-04 16:34:52 INFO  ConfigurationReader:37 - Configuration file is successfully loaded.
2022-11-04 16:34:52 INFO  ConfigurationReader:37 - Configuration file is successfully loaded.
2022-11-04 16:34:52 INFO  ConfigurationReader:48 - Jokes endpoint url is loading...
2022-11-04 16:34:52 INFO  ConfigurationReader:36 - Random base url is loading...
2022-11-04 16:34:54 INFO  APIResponseAssertions:14 - Expected!, status code is successfully validated.
2022-11-04 16:34:54 INFO  ConfigurationReader:42 - Random Jokes base url is loading...
2022-11-04 16:34:59 INFO  MagnetoHomePageAssertions:13 - Expected!, Show new yoga button is displayed
2022-11-04 16:35:01 INFO  MagnetoHomePageAssertions:18 - Expected!, Create an account title is displayed
2022-11-04 16:35:06 INFO  MagnetoHomePage:91 - Expected!, account is created successfully.
2022-11-04 16:35:06 INFO  MagnetoHomePageAssertions:23 - Expected!, Registration success message is displayed
2022-11-04 16:35:07 INFO  MagnetoHomePage:105 - 6
2022-11-04 16:35:07 INFO  MagnetoHomePage:107 - 4
2022-11-04 16:35:09 INFO  MagnetoHomePage:113 - 0
2022-11-04 16:35:09 INFO  MagnetoHomePage:118 - 0
2022-11-04 16:36:11 INFO  MagnetoHomePageAssertions:33 - Expected!, Order placed message is displayed
2022-11-04 16:36:53 INFO  ConfigurationReader:37 - Configuration file is successfully loaded.
2022-11-04 16:36:53 INFO  ConfigurationReader:37 - Configuration file is successfully loaded.
2022-11-04 16:36:53 INFO  ConfigurationReader:37 - Configuration file is successfully loaded.
2022-11-04 16:36:53 INFO  ConfigurationReader:48 - Jokes endpoint url is loading...
2022-11-04 16:36:53 INFO  ConfigurationReader:36 - Random base url is loading...
2022-11-04 16:36:55 INFO  APIResponseAssertions:14 - Expected!, status code is successfully validated.
2022-11-04 16:36:55 INFO  ConfigurationReader:42 - Random Jokes base url is loading...
2022-11-04 16:37:00 INFO  MagnetoHomePageAssertions:13 - Expected!, Show new yoga button is displayed
2022-11-04 16:37:01 INFO  MagnetoHomePageAssertions:18 - Expected!, Create an account title is displayed
2022-11-04 16:37:06 INFO  MagnetoHomePage:91 - Expected!, account is created successfully.
2022-11-04 16:37:07 INFO  MagnetoHomePageAssertions:23 - Expected!, Registration success message is displayed
2022-11-04 16:37:08 INFO  MagnetoHomePage:105 - 6
2022-11-04 16:37:08 INFO  MagnetoHomePage:107 - 5
2022-11-04 16:37:10 INFO  MagnetoHomePage:113 - 0
2022-11-04 16:37:10 INFO  MagnetoHomePage:118 - 0
2022-11-04 16:37:26 INFO  ConfigurationReader:37 - Configuration file is successfully loaded.
2022-11-04 16:37:26 INFO  ConfigurationReader:37 - Configuration file is successfully loaded.
2022-11-04 16:37:26 INFO  ConfigurationReader:37 - Configuration file is successfully loaded.
2022-11-04 16:37:26 INFO  ConfigurationReader:48 - Jokes endpoint url is loading...
2022-11-04 16:37:26 INFO  ConfigurationReader:36 - Random base url is loading...
2022-11-04 16:37:29 INFO  APIResponseAssertions:14 - Expected!, status code is successfully validated.
2022-11-04 16:37:29 INFO  ConfigurationReader:42 - Random Jokes base url is loading...
2022-11-04 16:37:34 INFO  MagnetoHomePageAssertions:13 - Expected!, Show new yoga button is displayed
2022-11-04 16:37:35 INFO  MagnetoHomePageAssertions:18 - Expected!, Create an account title is displayed
2022-11-04 16:37:41 INFO  MagnetoHomePage:91 - Expected!, account is created successfully.
2022-11-04 16:37:41 INFO  MagnetoHomePageAssertions:23 - Expected!, Registration success message is displayed
2022-11-04 16:37:42 INFO  MagnetoHomePage:105 - 6
2022-11-04 16:37:42 INFO  MagnetoHomePage:107 - 1
2022-11-04 16:37:43 INFO  MagnetoHomePage:113 - 5
2022-11-04 16:37:43 INFO  MagnetoHomePage:118 - 4
2022-11-04 16:37:46 INFO  MagnetoHomePageAssertions:28 - Expected!, add to cart success message is displayed
2022-11-04 16:37:54 INFO  MagnetoHomePage:164 - Expected!, account is created successfully.
2022-11-04 16:38:01 INFO  MagnetoHomePageAssertions:33 - Expected!, Order placed message is displayed
2022-11-04 16:41:25 INFO  ConfigurationReader:37 - Configuration file is successfully loaded.
2022-11-04 16:41:25 INFO  ConfigurationReader:37 - Configuration file is successfully loaded.
2022-11-04 16:41:25 INFO  ConfigurationReader:37 - Configuration file is successfully loaded.
2022-11-04 16:41:25 INFO  ConfigurationReader:48 - Jokes endpoint url is loading...
2022-11-04 16:41:25 INFO  ConfigurationReader:36 - Random base url is loading...
2022-11-04 16:41:28 INFO  APIResponseAssertions:14 - Expected!, status code is successfully validated.
2022-11-04 16:41:28 INFO  ConfigurationReader:42 - Random Jokes base url is loading...
2022-11-04 16:41:34 INFO  MagnetoHomePageAssertions:13 - Expected!, Show new yoga button is displayed
2022-11-04 16:41:36 INFO  MagnetoHomePageAssertions:18 - Expected!, Create an account title is displayed
2022-11-04 16:41:41 INFO  MagnetoHomePage:91 - Expected!, account is created successfully.
2022-11-04 16:41:42 INFO  MagnetoHomePageAssertions:23 - Expected!, Registration success message is displayed
2022-11-04 16:41:43 INFO  MagnetoHomePage:105 - 6
2022-11-04 16:41:43 INFO  MagnetoHomePage:107 - 1
2022-11-04 16:41:44 INFO  MagnetoHomePage:113 - 0
2022-11-04 16:41:44 INFO  MagnetoHomePage:118 - 0
2022-11-04 16:41:47 INFO  MagnetoHomePageAssertions:28 - Expected!, add to cart success message is displayed
2022-11-04 16:41:53 INFO  MagnetoHomePage:164 - Expected!, account is created successfully.
2022-11-04 16:42:01 INFO  MagnetoHomePageAssertions:33 - Expected!, Order placed message is displayed
2022-11-05 06:29:14 INFO  ConfigurationReader:37 - Configuration file is successfully loaded.
2022-11-05 06:29:14 INFO  ConfigurationReader:37 - Configuration file is successfully loaded.
2022-11-05 06:29:14 INFO  ConfigurationReader:37 - Configuration file is successfully loaded.
2022-11-05 06:29:14 INFO  ConfigurationReader:48 - Jokes endpoint url is loading...
2022-11-05 06:29:14 INFO  ConfigurationReader:36 - Random base url is loading...
2022-11-05 06:29:16 INFO  APIResponseAssertions:14 - Expected!, status code is successfully validated.
2022-11-05 06:29:16 INFO  ConfigurationReader:42 - Random Jokes base url is loading...
2022-11-05 06:29:20 INFO  MagnetoHomePageAssertions:13 - Expected!, Show new yoga button is displayed
2022-11-05 06:29:21 INFO  MagnetoHomePageAssertions:18 - Expected!, Create an account title is displayed
2022-11-05 06:29:27 INFO  MagnetoHomePage:92 - Expected!, account is created successfully.
2022-11-05 06:29:27 INFO  MagnetoHomePageAssertions:23 - Expected!, Registration success message is displayed
2022-11-05 06:29:29 INFO  MagnetoHomePage:106 - 6
2022-11-05 06:29:29 INFO  MagnetoHomePage:108 - 0
2022-11-05 06:30:50 INFO  ConfigurationReader:37 - Configuration file is successfully loaded.
2022-11-05 06:30:50 INFO  ConfigurationReader:37 - Configuration file is successfully loaded.
2022-11-05 06:30:50 INFO  ConfigurationReader:37 - Configuration file is successfully loaded.
2022-11-05 06:30:50 INFO  ConfigurationReader:48 - Jokes endpoint url is loading...
2022-11-05 06:30:50 INFO  ConfigurationReader:36 - Random base url is loading...
2022-11-05 06:30:52 INFO  APIResponseAssertions:14 - Expected!, status code is successfully validated.
2022-11-05 06:30:52 INFO  ConfigurationReader:42 - Random Jokes base url is loading...
2022-11-05 06:30:55 INFO  MagnetoHomePageAssertions:13 - Expected!, Show new yoga button is displayed
2022-11-05 06:30:56 INFO  MagnetoHomePageAssertions:18 - Expected!, Create an account title is displayed
2022-11-05 06:31:01 INFO  MagnetoHomePage:92 - Expected!, account is created successfully.
2022-11-05 06:31:01 INFO  MagnetoHomePageAssertions:23 - Expected!, Registration success message is displayed
2022-11-05 06:31:03 INFO  MagnetoHomePage:106 - 6
2022-11-05 06:31:03 INFO  MagnetoHomePage:108 - 5
2022-11-05 06:31:05 INFO  MagnetoHomePage:115 - 0
2022-11-05 06:31:05 INFO  MagnetoHomePage:120 - 0
2022-11-05 06:33:41 INFO  ConfigurationReader:37 - Configuration file is successfully loaded.
2022-11-05 06:33:41 INFO  ConfigurationReader:37 - Configuration file is successfully loaded.
2022-11-05 06:33:41 INFO  ConfigurationReader:37 - Configuration file is successfully loaded.
2022-11-05 06:33:41 INFO  ConfigurationReader:48 - Jokes endpoint url is loading...
2022-11-05 06:33:41 INFO  ConfigurationReader:36 - Random base url is loading...
2022-11-05 06:33:43 INFO  APIResponseAssertions:14 - Expected!, status code is successfully validated.
2022-11-05 06:33:43 INFO  ConfigurationReader:42 - Random Jokes base url is loading...
2022-11-05 06:33:48 INFO  MagnetoHomePageAssertions:13 - Expected!, Show new yoga button is displayed
2022-11-05 06:33:49 INFO  MagnetoHomePageAssertions:18 - Expected!, Create an account title is displayed
2022-11-05 06:33:54 INFO  MagnetoHomePage:92 - Expected!, account is created successfully.
2022-11-05 06:33:54 INFO  MagnetoHomePageAssertions:23 - Expected!, Registration success message is displayed
2022-11-05 06:33:55 INFO  MagnetoHomePage:106 - 6
2022-11-05 06:33:55 INFO  MagnetoHomePage:108 - 2
2022-11-05 06:33:57 INFO  MagnetoHomePage:113 - Argus All-Weather Tank
2022-11-05 06:33:58 INFO  MagnetoHomePage:114 - Argus All-Weather Tank
2022-11-05 06:35:41 INFO  ConfigurationReader:37 - Configuration file is successfully loaded.
2022-11-05 06:35:41 INFO  ConfigurationReader:37 - Configuration file is successfully loaded.
2022-11-05 06:35:41 INFO  ConfigurationReader:37 - Configuration file is successfully loaded.
2022-11-05 06:35:41 INFO  ConfigurationReader:48 - Jokes endpoint url is loading...
2022-11-05 06:35:41 INFO  ConfigurationReader:36 - Random base url is loading...
2022-11-05 06:35:44 INFO  APIResponseAssertions:14 - Expected!, status code is successfully validated.
2022-11-05 06:35:44 INFO  ConfigurationReader:42 - Random Jokes base url is loading...
2022-11-05 06:35:48 INFO  MagnetoHomePageAssertions:13 - Expected!, Show new yoga button is displayed
2022-11-05 06:35:49 INFO  MagnetoHomePageAssertions:18 - Expected!, Create an account title is displayed
2022-11-05 06:35:50 INFO  MagnetoHomePage:92 - Expected!, account is created successfully.
2022-11-05 06:37:24 INFO  ConfigurationReader:37 - Configuration file is successfully loaded.
2022-11-05 06:37:24 INFO  ConfigurationReader:37 - Configuration file is successfully loaded.
2022-11-05 06:37:24 INFO  ConfigurationReader:37 - Configuration file is successfully loaded.
2022-11-05 06:37:24 INFO  ConfigurationReader:48 - Jokes endpoint url is loading...
2022-11-05 06:37:24 INFO  ConfigurationReader:36 - Random base url is loading...
2022-11-05 06:37:26 INFO  APIResponseAssertions:14 - Expected!, status code is successfully validated.
2022-11-05 06:37:26 INFO  ConfigurationReader:42 - Random Jokes base url is loading...
2022-11-05 06:37:31 INFO  MagnetoHomePageAssertions:13 - Expected!, Show new yoga button is displayed
2022-11-05 06:37:32 INFO  MagnetoHomePageAssertions:18 - Expected!, Create an account title is displayed
2022-11-05 06:37:37 INFO  MagnetoHomePage:92 - Expected!, account is created successfully.
2022-11-05 06:37:37 INFO  MagnetoHomePageAssertions:23 - Expected!, Registration success message is displayed
2022-11-05 06:37:38 INFO  MagnetoHomePage:108 - 6
2022-11-05 06:37:38 INFO  MagnetoHomePage:110 - 3
2022-11-05 06:37:40 INFO  MagnetoHomePage:116 - 5
2022-11-05 06:37:40 INFO  MagnetoHomePage:121 - 1
2022-11-05 06:37:43 INFO  MagnetoHomePageAssertions:28 - Expected!, add to cart success message is displayed
2022-11-05 06:37:50 INFO  MagnetoHomePage:167 - Expected!, account is created successfully.
2022-11-05 06:37:58 INFO  MagnetoHomePageAssertions:33 - Expected!, Order placed message is displayed
2022-11-05 06:39:00 INFO  ConfigurationReader:37 - Configuration file is successfully loaded.
2022-11-05 06:39:00 INFO  ConfigurationReader:37 - Configuration file is successfully loaded.
2022-11-05 06:39:00 INFO  ConfigurationReader:37 - Configuration file is successfully loaded.
2022-11-05 06:39:00 INFO  ConfigurationReader:48 - Jokes endpoint url is loading...
2022-11-05 06:39:00 INFO  ConfigurationReader:36 - Random base url is loading...
2022-11-05 06:39:02 INFO  APIResponseAssertions:14 - Expected!, status code is successfully validated.
2022-11-05 06:39:02 INFO  ConfigurationReader:42 - Random Jokes base url is loading...
2022-11-05 06:39:07 INFO  MagnetoHomePageAssertions:13 - Expected!, Show new yoga button is displayed
2022-11-05 06:39:08 INFO  MagnetoHomePageAssertions:18 - Expected!, Create an account title is displayed
2022-11-05 06:39:12 INFO  MagnetoHomePage:92 - Expected!, account is created successfully.
2022-11-05 06:39:13 INFO  MagnetoHomePageAssertions:23 - Expected!, Registration success message is displayed
2022-11-05 06:39:14 INFO  MagnetoHomePage:108 - 6
2022-11-05 06:39:14 INFO  MagnetoHomePage:110 - 1
2022-11-05 06:39:16 INFO  MagnetoHomePage:115 - Breathe-Easy Tank
2022-11-05 06:39:16 INFO  MagnetoHomePage:117 - 5
2022-11-05 06:39:16 INFO  MagnetoHomePage:122 - 4
2022-11-05 06:39:19 INFO  MagnetoHomePageAssertions:28 - Expected!, add to cart success message is displayed
2022-11-05 06:39:27 INFO  MagnetoHomePage:168 - Expected!, account is created successfully.
2022-11-05 06:39:33 INFO  MagnetoHomePageAssertions:33 - Expected!, Order placed message is displayed
2022-11-05 06:42:12 INFO  ConfigurationReader:37 - Configuration file is successfully loaded.
2022-11-05 06:42:12 INFO  ConfigurationReader:37 - Configuration file is successfully loaded.
2022-11-05 06:42:12 INFO  ConfigurationReader:37 - Configuration file is successfully loaded.
2022-11-05 06:42:12 INFO  ConfigurationReader:48 - Jokes endpoint url is loading...
2022-11-05 06:42:12 INFO  ConfigurationReader:36 - Random base url is loading...
2022-11-05 06:42:14 INFO  APIResponseAssertions:14 - Expected!, status code is successfully validated.
2022-11-05 06:42:14 INFO  ConfigurationReader:42 - Random Jokes base url is loading...
2022-11-05 06:42:18 INFO  MagnetoHomePageAssertions:13 - Expected!, Show new yoga button is displayed
2022-11-05 06:42:19 INFO  MagnetoHomePageAssertions:18 - Expected!, Create an account title is displayed
2022-11-05 06:42:24 INFO  MagnetoHomePage:92 - Expected!, account is created successfully.
2022-11-05 06:42:24 INFO  MagnetoHomePageAssertions:23 - Expected!, Registration success message is displayed
2022-11-05 06:42:25 INFO  MagnetoHomePage:108 - 6
2022-11-05 06:42:25 INFO  MagnetoHomePage:110 - 5
2022-11-05 06:42:26 INFO  MagnetoHomePage:118 - 0
2022-11-05 06:42:26 INFO  MagnetoHomePage:123 - 0
2022-11-05 06:44:49 INFO  ConfigurationReader:37 - Configuration file is successfully loaded.
2022-11-05 06:44:49 INFO  ConfigurationReader:37 - Configuration file is successfully loaded.
2022-11-05 06:44:49 INFO  ConfigurationReader:37 - Configuration file is successfully loaded.
2022-11-05 06:44:49 INFO  ConfigurationReader:48 - Jokes endpoint url is loading...
2022-11-05 06:44:49 INFO  ConfigurationReader:36 - Random base url is loading...
2022-11-05 06:44:50 INFO  APIResponseAssertions:14 - Expected!, status code is successfully validated.
2022-11-05 06:44:50 INFO  ConfigurationReader:42 - Random Jokes base url is loading...
2022-11-05 06:44:56 INFO  MagnetoHomePageAssertions:13 - Expected!, Show new yoga button is displayed
2022-11-05 06:44:57 INFO  MagnetoHomePageAssertions:18 - Expected!, Create an account title is displayed
2022-11-05 06:45:01 INFO  MagnetoHomePage:92 - Expected!, account is created successfully.
2022-11-05 06:45:01 INFO  MagnetoHomePageAssertions:23 - Expected!, Registration success message is displayed
2022-11-05 06:45:02 INFO  MagnetoHomePage:108 - 6
2022-11-05 06:45:02 INFO  MagnetoHomePage:110 - 3
2022-11-05 06:45:05 INFO  MagnetoHomePage:118 - 5
2022-11-05 06:45:05 INFO  MagnetoHomePage:123 - 0
2022-11-05 06:45:06 INFO  MagnetoHomePage:127 - Expected! Product is not a bag related item.
2022-11-05 06:45:08 INFO  MagnetoHomePageAssertions:28 - Expected!, add to cart success message is displayed
2022-11-05 06:45:16 INFO  MagnetoHomePage:174 - Expected!, account is created successfully.
2022-11-05 06:45:24 INFO  MagnetoHomePageAssertions:33 - Expected!, Order placed message is displayed
2022-11-05 06:45:35 INFO  ConfigurationReader:37 - Configuration file is successfully loaded.
2022-11-05 06:45:35 INFO  ConfigurationReader:37 - Configuration file is successfully loaded.
2022-11-05 06:45:35 INFO  ConfigurationReader:37 - Configuration file is successfully loaded.
2022-11-05 06:45:35 INFO  ConfigurationReader:48 - Jokes endpoint url is loading...
2022-11-05 06:45:35 INFO  ConfigurationReader:36 - Random base url is loading...
2022-11-05 06:45:37 INFO  APIResponseAssertions:14 - Expected!, status code is successfully validated.
2022-11-05 06:45:37 INFO  ConfigurationReader:42 - Random Jokes base url is loading...
2022-11-05 06:45:42 INFO  MagnetoHomePageAssertions:13 - Expected!, Show new yoga button is displayed
2022-11-05 06:45:43 INFO  MagnetoHomePageAssertions:18 - Expected!, Create an account title is displayed
2022-11-05 06:45:47 INFO  MagnetoHomePage:92 - Expected!, account is created successfully.
2022-11-05 06:45:48 INFO  MagnetoHomePageAssertions:23 - Expected!, Registration success message is displayed
2022-11-05 06:45:49 INFO  MagnetoHomePage:108 - 6
2022-11-05 06:45:49 INFO  MagnetoHomePage:110 - 5
2022-11-05 06:45:51 INFO  MagnetoHomePage:129 - Expected! Product is not a bag related item.
2022-11-05 06:45:52 INFO  MagnetoHomePageAssertions:28 - Expected!, add to cart success message is displayed
2022-11-05 06:46:00 INFO  MagnetoHomePage:174 - Expected!, account is created successfully.
2022-11-05 06:46:07 INFO  MagnetoHomePageAssertions:33 - Expected!, Order placed message is displayed
2022-11-05 06:51:43 INFO  ConfigurationReader:37 - Configuration file is successfully loaded.
2022-11-05 06:51:43 INFO  ConfigurationReader:37 - Configuration file is successfully loaded.
2022-11-05 06:51:43 INFO  ConfigurationReader:37 - Configuration file is successfully loaded.
2022-11-05 06:51:43 INFO  ConfigurationReader:48 - Jokes endpoint url is loading...
2022-11-05 06:51:43 INFO  ConfigurationReader:36 - Random base url is loading...
2022-11-05 06:51:45 INFO  APIResponseAssertions:14 - Expected!, status code is successfully validated.
2022-11-05 06:51:45 INFO  ConfigurationReader:42 - Random Jokes base url is loading...
2022-11-05 06:51:49 INFO  MagnetoHomePageAssertions:13 - Expected!, Show new yoga button is displayed
2022-11-05 06:51:49 INFO  MagnetoSteps:16 - Expected! click on Creat an Account button.
2022-11-05 06:51:50 INFO  MagnetoHomePageAssertions:18 - Expected!, Create an account title is displayed
2022-11-05 06:51:51 INFO  MagnetoSteps:25 - Expected! Enter all mandatory fields.
2022-11-05 06:51:55 INFO  MagnetoHomePage:92 - Expected!, account is created successfully.
2022-11-05 06:51:55 INFO  MagnetoHomePageAssertions:23 - Expected!, Registration success message is displayed
2022-11-05 06:51:55 INFO  MagnetoSteps:34 - Expected! navigate to home page.
2022-11-05 06:51:56 INFO  MagnetoSteps:39 - Expected! select any item from home page.
2022-11-05 06:51:56 INFO  MagnetoHomePage:108 - 6
2022-11-05 06:51:56 INFO  MagnetoHomePage:110 - 2
2022-11-05 06:51:57 INFO  MagnetoSteps:44 - Expected! select size, color and quantity of items.
2022-11-05 06:51:57 INFO  MagnetoHomePage:118 - 5
2022-11-05 06:51:57 INFO  MagnetoHomePage:123 - 2
2022-11-05 06:51:58 INFO  MagnetoHomePage:127 - Expected! Product is not a bag related item.
2022-11-05 06:51:58 INFO  MagnetoSteps:49 - Expected! click on Add to Cart button.
2022-11-05 06:52:00 INFO  MagnetoHomePageAssertions:28 - Expected!, add to cart success message is displayed
2022-11-05 06:52:00 INFO  MagnetoSteps:62 - Expected! click on Shoping Cart button.
2022-11-05 06:52:02 INFO  MagnetoSteps:64 - Expected! click on Proceed to Checkout button.
2022-11-05 06:52:04 INFO  MagnetoSteps:69 - Expected! Enter delivary address details.
2022-11-05 06:52:09 INFO  MagnetoHomePage:174 - Expected!, account is created successfully.
2022-11-05 06:52:09 INFO  MagnetoSteps:74 - Expected! click on Next button.
2022-11-05 06:52:09 INFO  MagnetoSteps:79 - Expected! click on Place and Order button.
2022-11-05 06:52:16 INFO  MagnetoHomePageAssertions:33 - Expected!, Order placed message is displayed
